2025-03-31 12:54:55,916 - __main__ - INFO - Starting the MAPF solver program
2025-03-31 12:54:55,920 - __main__ - DEBUG - Arguments received: Namespace(scen_file='random-64-64-10-even-10.scen', number_agents=100, percentage_agents=100, modified_search=True, timeout=900, concise=False)
2025-03-31 12:54:55,957 - __main__ - INFO - Map and agent information loaded.
2025-03-31 12:54:55,957 - __main__ - INFO - Using modified A* for pathfinding.
2025-03-31 12:54:56,233 - __main__ - INFO - Non-optimal solver took 0.27634763717651367 seconds to find initial paths for agents
2025-03-31 12:54:56,251 - __main__ - INFO - Initial conflicts identified: 103
2025-03-31 12:54:56,251 - __main__ - INFO - Initial number of position conflicts: 86
2025-03-31 12:54:56,252 - __main__ - INFO - Initial number of edge conflicts: 15
2025-03-31 12:54:56,252 - __main__ - INFO - Initial number of path conflicts: 2
2025-03-31 12:54:56,252 - __main__ - INFO - Maximum agent path legnth after non-optimal solver: 108
2025-03-31 12:54:56,270 - root - INFO - Created subproblem instance for conflict { position 2 [7, 68] (52, 26) }
2025-03-31 12:54:56,354 - root - INFO - Optimal solver was not successful the first time
2025-03-31 12:54:56,416 - root - INFO - Optimal solver was not successful the second time
2025-03-31 12:54:56,416 - root - INFO - Retrying conflict { position 2 [7, 68] (52, 26) } for the 1 time
2025-03-31 12:54:56,416 - root - INFO - Created subproblem instance for conflict { position 2 [7, 68] (52, 26) }
2025-03-31 12:54:56,493 - root - INFO - Optimal solver was successful
2025-03-31 12:54:56,516 - root - INFO - Created subproblem instance for conflict { position 4 [62, 89] (22, 57) }
2025-03-31 12:54:56,593 - root - INFO - Optimal solver was not successful the first time
2025-03-31 12:54:56,665 - root - INFO - Optimal solver was not successful the second time
2025-03-31 12:54:56,665 - root - INFO - Retrying conflict { position 4 [62, 89] (22, 57) } for the 1 time
2025-03-31 12:54:56,666 - root - INFO - Created subproblem instance for conflict { position 4 [62, 89] (22, 57) }
2025-03-31 12:54:56,745 - root - INFO - Optimal solver was successful
2025-03-31 12:54:56,787 - root - INFO - Created subproblem instance for conflict { position 6 [64, 73] (33, 52) }
2025-03-31 12:54:56,883 - root - INFO - Optimal solver was not successful the first time
2025-03-31 12:54:56,951 - root - INFO - Optimal solver was not successful the second time
2025-03-31 12:54:56,951 - root - INFO - Retrying conflict { position 6 [64, 73] (33, 52) } for the 1 time
2025-03-31 12:54:56,952 - root - INFO - Created subproblem instance for conflict { position 6 [64, 73] (33, 52) }
2025-03-31 12:54:57,067 - root - INFO - Optimal solver was successful
2025-03-31 12:54:57,093 - root - INFO - Created subproblem instance for conflict { position 10 [13, 52] (42, 52) }
2025-03-31 12:54:57,175 - root - INFO - Optimal solver was not successful the first time
2025-03-31 12:54:57,238 - root - INFO - Optimal solver was not successful the second time
2025-03-31 12:54:57,238 - root - INFO - Retrying conflict { position 10 [13, 52] (42, 52) } for the 1 time
2025-03-31 12:54:57,239 - root - INFO - Created subproblem instance for conflict { position 10 [13, 52] (42, 52) }
2025-03-31 12:54:57,312 - root - INFO - Optimal solver was successful
2025-03-31 12:54:57,334 - root - INFO - Created subproblem instance for conflict { position 12 [5, 54] (52, 12) }
2025-03-31 12:54:57,417 - root - INFO - Optimal solver was not successful the first time
2025-03-31 12:54:57,485 - root - INFO - Optimal solver was not successful the second time
2025-03-31 12:54:57,485 - root - INFO - Retrying conflict { position 12 [5, 54] (52, 12) } for the 1 time
2025-03-31 12:54:57,486 - root - INFO - Created subproblem instance for conflict { position 12 [5, 54] (52, 12) }
2025-03-31 12:54:57,573 - root - INFO - Optimal solver was not successful the first time
2025-03-31 12:54:57,657 - root - INFO - Optimal solver was not successful the second time
2025-03-31 12:54:57,657 - root - INFO - Created subproblem instance for conflict { edge 13 [22, 44] ((44, 59), (45, 59)) }
2025-03-31 12:54:57,766 - root - INFO - Optimal solver was not successful the first time
2025-03-31 12:54:57,849 - root - INFO - Optimal solver was not successful the second time
2025-03-31 12:54:57,849 - root - INFO - Retrying conflict { edge 13 [22, 44] ((44, 59), (45, 59)) } for the 1 time
2025-03-31 12:54:57,850 - root - INFO - Created subproblem instance for conflict { edge 13 [22, 44] ((44, 59), (45, 59)) }
2025-03-31 12:54:57,938 - root - INFO - Optimal solver was successful
2025-03-31 12:54:57,964 - root - INFO - Retrying conflict { position 12 [5, 54] (52, 12) } for the 2 time
2025-03-31 12:54:57,964 - root - INFO - Created subproblem instance for conflict { position 12 [5, 54] (52, 12) }
2025-03-31 12:54:58,050 - root - INFO - Optimal solver was successful
2025-03-31 12:54:58,070 - root - INFO - Created subproblem instance for conflict { position 16 [51, 88] (49, 47) }
2025-03-31 12:54:58,139 - root - INFO - Optimal solver was not successful the first time
2025-03-31 12:54:58,202 - root - INFO - Optimal solver was not successful the second time
2025-03-31 12:54:58,202 - root - INFO - Retrying conflict { position 16 [51, 88] (49, 47) } for the 1 time
2025-03-31 12:54:58,203 - root - INFO - Created subproblem instance for conflict { position 16 [51, 88] (49, 47) }
2025-03-31 12:54:58,273 - root - INFO - Optimal solver was successful
2025-03-31 12:54:58,302 - root - INFO - Created subproblem instance for conflict { position 18 [31, 60] (57, 55) }
2025-03-31 12:54:58,378 - root - INFO - Optimal solver was not successful the first time
2025-03-31 12:54:58,438 - root - INFO - Optimal solver was not successful the second time
2025-03-31 12:54:58,438 - root - INFO - Retrying conflict { position 18 [31, 60] (57, 55) } for the 1 time
2025-03-31 12:54:58,439 - root - INFO - Created subproblem instance for conflict { position 18 [31, 60] (57, 55) }
2025-03-31 12:54:58,520 - root - INFO - Optimal solver was not successful the first time
2025-03-31 12:54:58,612 - root - INFO - Optimal solver was not successful the second time
2025-03-31 12:54:58,612 - root - INFO - Created subproblem instance for conflict { edge 23 [8, 72] ((46, 41), (46, 42)) }
2025-03-31 12:54:58,715 - root - INFO - Optimal solver was not successful the first time
2025-03-31 12:54:58,769 - root - INFO - Optimal solver was not successful the second time
2025-03-31 12:54:58,769 - root - INFO - Retrying conflict { edge 23 [8, 72] ((46, 41), (46, 42)) } for the 1 time
2025-03-31 12:54:58,770 - root - INFO - Created subproblem instance for conflict { edge 23 [8, 72] ((46, 41), (46, 42)) }
2025-03-31 12:54:58,855 - root - INFO - Optimal solver was successful
2025-03-31 12:54:58,877 - root - INFO - Retrying conflict { position 18 [31, 60] (57, 55) } for the 2 time
2025-03-31 12:54:58,878 - root - INFO - Created subproblem instance for conflict { position 18 [31, 60] (57, 55) }
2025-03-31 12:54:58,954 - root - INFO - Optimal solver was successful
2025-03-31 12:54:58,976 - root - INFO - Created subproblem instance for conflict { path 20 [6, 70] [(53, 27), (52, 27), (51, 27)] }
2025-03-31 12:54:59,053 - root - INFO - Optimal solver was not successful the first time
2025-03-31 12:54:59,119 - root - INFO - Optimal solver was not successful the second time
2025-03-31 12:54:59,119 - root - INFO - Retrying conflict { path 20 [6, 70] [(53, 27), (52, 27), (51, 27)] } for the 1 time
2025-03-31 12:54:59,119 - root - INFO - Created subproblem instance for conflict { path 20 [6, 70] [(53, 27), (52, 27), (51, 27)] }
2025-03-31 12:54:59,204 - root - INFO - Optimal solver was successful
2025-03-31 12:54:59,226 - root - INFO - Created subproblem instance for conflict { position 28 [25, 81] (17, 51) }
2025-03-31 12:54:59,302 - root - INFO - Optimal solver was not successful the first time
2025-03-31 12:54:59,363 - root - INFO - Optimal solver was not successful the second time
2025-03-31 12:54:59,363 - root - INFO - Retrying conflict { position 28 [25, 81] (17, 51) } for the 1 time
2025-03-31 12:54:59,363 - root - INFO - Created subproblem instance for conflict { position 28 [25, 81] (17, 51) }
2025-03-31 12:54:59,439 - root - INFO - Optimal solver was successful
2025-03-31 12:54:59,468 - root - INFO - Created subproblem instance for conflict { position 30 [64, 69] (29, 59) }
2025-03-31 12:54:59,584 - root - INFO - Optimal solver was not successful the first time
2025-03-31 12:54:59,661 - root - INFO - Optimal solver was not successful the second time
2025-03-31 12:54:59,661 - root - INFO - Retrying conflict { position 30 [64, 69] (29, 59) } for the 1 time
2025-03-31 12:54:59,662 - root - INFO - Created subproblem instance for conflict { position 30 [64, 69] (29, 59) }
2025-03-31 12:54:59,753 - root - INFO - Optimal solver was successful
2025-03-31 12:54:59,780 - root - INFO - Created subproblem instance for conflict { edge 33 [8, 13] ((46, 45), (46, 46)) }
2025-03-31 12:54:59,859 - root - INFO - Optimal solver was not successful the first time
2025-03-31 12:54:59,928 - root - INFO - Optimal solver was not successful the second time
2025-03-31 12:54:59,928 - root - INFO - Retrying conflict { edge 33 [8, 13] ((46, 45), (46, 46)) } for the 1 time
2025-03-31 12:54:59,929 - root - INFO - Created subproblem instance for conflict { edge 33 [8, 13] ((46, 45), (46, 46)) }
2025-03-31 12:55:00,003 - root - INFO - Optimal solver was successful
2025-03-31 12:55:00,032 - root - INFO - Created subproblem instance for conflict { position 34 [28, 43] (47, 7) }
2025-03-31 12:55:00,142 - root - INFO - Optimal solver was not successful the first time
2025-03-31 12:55:00,245 - root - INFO - Optimal solver was not successful the second time
2025-03-31 12:55:00,245 - root - INFO - Retrying conflict { position 34 [28, 43] (47, 7) } for the 1 time
2025-03-31 12:55:00,246 - root - INFO - Created subproblem instance for conflict { position 34 [28, 43] (47, 7) }
2025-03-31 12:55:00,335 - root - INFO - Optimal solver was successful
2025-03-31 12:55:00,360 - root - INFO - Created subproblem instance for conflict { position 34 [45, 68] (48, 15) }
2025-03-31 12:55:00,429 - root - INFO - Optimal solver was not successful the first time
2025-03-31 12:55:00,489 - root - INFO - Optimal solver was not successful the second time
2025-03-31 12:55:00,489 - root - INFO - Retrying conflict { position 34 [45, 68] (48, 15) } for the 1 time
2025-03-31 12:55:00,490 - root - INFO - Created subproblem instance for conflict { position 34 [45, 68] (48, 15) }
2025-03-31 12:55:00,561 - root - INFO - Optimal solver was successful
2025-03-31 12:55:00,584 - root - INFO - Created subproblem instance for conflict { position 34 [52, 89] (33, 54) }
2025-03-31 12:55:00,653 - root - INFO - Optimal solver was not successful the first time
2025-03-31 12:55:00,712 - root - INFO - Optimal solver was not successful the second time
2025-03-31 12:55:00,712 - root - INFO - Retrying conflict { position 34 [52, 89] (33, 54) } for the 1 time
2025-03-31 12:55:00,713 - root - INFO - Created subproblem instance for conflict { position 34 [52, 89] (33, 54) }
2025-03-31 12:55:00,784 - root - INFO - Optimal solver was successful
2025-03-31 12:55:00,805 - root - INFO - Created subproblem instance for conflict { position 36 [23, 33] (36, 16) }
2025-03-31 12:55:00,877 - root - INFO - Optimal solver was not successful the first time
2025-03-31 12:55:00,937 - root - INFO - Optimal solver was not successful the second time
2025-03-31 12:55:00,937 - root - INFO - Retrying conflict { position 36 [23, 33] (36, 16) } for the 1 time
2025-03-31 12:55:00,937 - root - INFO - Created subproblem instance for conflict { position 36 [23, 33] (36, 16) }
2025-03-31 12:55:01,006 - root - INFO - Optimal solver was successful
2025-03-31 12:55:01,028 - root - INFO - Created subproblem instance for conflict { edge 41 [6, 74] ((45, 29), (46, 29)) }
2025-03-31 12:55:01,103 - root - INFO - Optimal solver was not successful the first time
2025-03-31 12:55:01,174 - root - INFO - Optimal solver was not successful the second time
2025-03-31 12:55:01,175 - root - INFO - Retrying conflict { edge 41 [6, 74] ((45, 29), (46, 29)) } for the 1 time
2025-03-31 12:55:01,175 - root - INFO - Created subproblem instance for conflict { edge 41 [6, 74] ((45, 29), (46, 29)) }
2025-03-31 12:55:01,253 - root - INFO - Optimal solver was successful
2025-03-31 12:55:01,276 - root - INFO - Created subproblem instance for conflict { edge 45 [5, 35] ((38, 12), (39, 12)) }
2025-03-31 12:55:01,350 - root - INFO - Optimal solver was not successful the first time
2025-03-31 12:55:01,412 - root - INFO - Optimal solver was not successful the second time
2025-03-31 12:55:01,412 - root - INFO - Retrying conflict { edge 45 [5, 35] ((38, 12), (39, 12)) } for the 1 time
2025-03-31 12:55:01,413 - root - INFO - Created subproblem instance for conflict { edge 45 [5, 35] ((38, 12), (39, 12)) }
2025-03-31 12:55:01,497 - root - INFO - Optimal solver was successful
2025-03-31 12:55:01,524 - root - INFO - Created subproblem instance for conflict { edge 45 [7, 61] ((38, 33), (39, 33)) }
2025-03-31 12:55:01,601 - root - INFO - Optimal solver was not successful the first time
2025-03-31 12:55:01,662 - root - INFO - Optimal solver was not successful the second time
2025-03-31 12:55:01,662 - root - INFO - Retrying conflict { edge 45 [7, 61] ((38, 33), (39, 33)) } for the 1 time
2025-03-31 12:55:01,663 - root - INFO - Created subproblem instance for conflict { edge 45 [7, 61] ((38, 33), (39, 33)) }
2025-03-31 12:55:01,744 - root - INFO - Optimal solver was not successful the first time
2025-03-31 12:55:01,812 - root - INFO - Optimal solver was not successful the second time
2025-03-31 12:55:01,812 - root - INFO - Created subproblem instance for conflict { position 46 [4, 96] (27, 47) }
2025-03-31 12:55:01,887 - root - INFO - Optimal solver was not successful the first time
2025-03-31 12:55:01,954 - root - INFO - Optimal solver was not successful the second time
2025-03-31 12:55:01,954 - root - INFO - Retrying conflict { position 46 [4, 96] (27, 47) } for the 1 time
2025-03-31 12:55:01,955 - root - INFO - Created subproblem instance for conflict { position 46 [4, 96] (27, 47) }
2025-03-31 12:55:02,032 - root - INFO - Optimal solver was successful
2025-03-31 12:55:02,068 - root - INFO - Retrying conflict { edge 45 [7, 61] ((38, 33), (39, 33)) } for the 2 time
2025-03-31 12:55:02,069 - root - INFO - Created subproblem instance for conflict { edge 45 [7, 61] ((38, 33), (39, 33)) }
2025-03-31 12:55:02,149 - root - INFO - Optimal solver was successful
2025-03-31 12:55:02,180 - root - INFO - Created subproblem instance for conflict { position 50 [63, 83] (25, 33) }
2025-03-31 12:55:02,259 - root - INFO - Optimal solver was not successful the first time
2025-03-31 12:55:02,333 - root - INFO - Optimal solver was not successful the second time
2025-03-31 12:55:02,333 - root - INFO - Retrying conflict { position 50 [63, 83] (25, 33) } for the 1 time
2025-03-31 12:55:02,333 - root - INFO - Created subproblem instance for conflict { position 50 [63, 83] (25, 33) }
2025-03-31 12:55:02,483 - root - INFO - Optimal solver was successful
2025-03-31 12:55:02,520 - root - INFO - Created subproblem instance for conflict { edge 51 [78, 86] ((35, 20), (35, 21)) }
2025-03-31 12:55:02,615 - root - INFO - Optimal solver was not successful the first time
2025-03-31 12:55:02,713 - root - INFO - Optimal solver was not successful the second time
2025-03-31 12:55:02,713 - root - INFO - Retrying conflict { edge 51 [78, 86] ((35, 20), (35, 21)) } for the 1 time
2025-03-31 12:55:02,713 - root - INFO - Created subproblem instance for conflict { edge 51 [78, 86] ((35, 20), (35, 21)) }
2025-03-31 12:55:02,782 - root - INFO - Optimal solver was successful
2025-03-31 12:55:02,806 - root - INFO - Created subproblem instance for conflict { position 52 [21, 72] (36, 38) }
2025-03-31 12:55:02,877 - root - INFO - Optimal solver was not successful the first time
2025-03-31 12:55:02,942 - root - INFO - Optimal solver was not successful the second time
2025-03-31 12:55:02,942 - root - INFO - Retrying conflict { position 52 [21, 72] (36, 38) } for the 1 time
2025-03-31 12:55:02,943 - root - INFO - Created subproblem instance for conflict { position 52 [21, 72] (36, 38) }
2025-03-31 12:55:03,026 - root - INFO - Optimal solver was successful
2025-03-31 12:55:03,054 - root - INFO - Created subproblem instance for conflict { edge 53 [55, 75] ((34, 44), (35, 44)) }
2025-03-31 12:55:03,128 - root - INFO - Optimal solver was not successful the first time
2025-03-31 12:55:03,186 - root - INFO - Optimal solver was not successful the second time
2025-03-31 12:55:03,186 - root - INFO - Retrying conflict { edge 53 [55, 75] ((34, 44), (35, 44)) } for the 1 time
2025-03-31 12:55:03,187 - root - INFO - Created subproblem instance for conflict { edge 53 [55, 75] ((34, 44), (35, 44)) }
2025-03-31 12:55:03,268 - root - INFO - Optimal solver was not successful the first time
2025-03-31 12:55:03,336 - root - INFO - Optimal solver was not successful the second time
2025-03-31 12:55:03,336 - root - INFO - Created subproblem instance for conflict { position 54 [16, 18] (21, 32) }
2025-03-31 12:55:03,410 - root - INFO - Optimal solver was not successful the first time
2025-03-31 12:55:03,471 - root - INFO - Optimal solver was not successful the second time
2025-03-31 12:55:03,471 - root - INFO - Retrying conflict { position 54 [16, 18] (21, 32) } for the 1 time
2025-03-31 12:55:03,471 - root - INFO - Created subproblem instance for conflict { position 54 [16, 18] (21, 32) }
2025-03-31 12:55:03,545 - root - INFO - Optimal solver was successful
2025-03-31 12:55:03,569 - root - INFO - Retrying conflict { edge 53 [55, 75] ((34, 44), (35, 44)) } for the 2 time
2025-03-31 12:55:03,569 - root - INFO - Created subproblem instance for conflict { edge 53 [55, 75] ((34, 44), (35, 44)) }
2025-03-31 12:55:03,647 - root - INFO - Optimal solver was successful
2025-03-31 12:55:03,674 - root - INFO - Created subproblem instance for conflict { position 54 [38, 95] (12, 22) }
2025-03-31 12:55:03,753 - root - INFO - Optimal solver was not successful the first time
2025-03-31 12:55:03,816 - root - INFO - Optimal solver was not successful the second time
2025-03-31 12:55:03,816 - root - INFO - Retrying conflict { position 54 [38, 95] (12, 22) } for the 1 time
2025-03-31 12:55:03,816 - root - INFO - Created subproblem instance for conflict { position 54 [38, 95] (12, 22) }
2025-03-31 12:55:03,901 - root - INFO - Optimal solver was successful
2025-03-31 12:55:03,927 - root - INFO - Created subproblem instance for conflict { position 56 [35, 68] (43, 12) }
2025-03-31 12:55:03,995 - root - INFO - Optimal solver was not successful the first time
2025-03-31 12:55:04,059 - root - INFO - Optimal solver was not successful the second time
2025-03-31 12:55:04,060 - root - INFO - Retrying conflict { position 56 [35, 68] (43, 12) } for the 1 time
2025-03-31 12:55:04,060 - root - INFO - Created subproblem instance for conflict { position 56 [35, 68] (43, 12) }
2025-03-31 12:55:04,125 - root - INFO - Optimal solver was not successful the first time
2025-03-31 12:55:04,178 - root - INFO - Optimal solver was not successful the second time
2025-03-31 12:55:04,179 - root - INFO - Created subproblem instance for conflict { position 58 [10, 64] (17, 60) }
2025-03-31 12:55:04,250 - root - INFO - Optimal solver was not successful the first time
2025-03-31 12:55:04,320 - root - INFO - Optimal solver was not successful the second time
2025-03-31 12:55:04,320 - root - INFO - Retrying conflict { position 58 [10, 64] (17, 60) } for the 1 time
2025-03-31 12:55:04,321 - root - INFO - Created subproblem instance for conflict { position 58 [10, 64] (17, 60) }
2025-03-31 12:55:04,396 - root - INFO - Optimal solver was successful
2025-03-31 12:55:04,424 - root - INFO - Retrying conflict { position 56 [35, 68] (43, 12) } for the 2 time
2025-03-31 12:55:04,425 - root - INFO - Created subproblem instance for conflict { position 56 [35, 68] (43, 12) }
2025-03-31 12:55:04,513 - root - INFO - Optimal solver was successful
2025-03-31 12:55:04,548 - root - INFO - Created subproblem instance for conflict { position 60 [33, 56] (34, 25) }
2025-03-31 12:55:04,620 - root - INFO - Optimal solver was not successful the first time
2025-03-31 12:55:04,680 - root - INFO - Optimal solver was not successful the second time
2025-03-31 12:55:04,680 - root - INFO - Retrying conflict { position 60 [33, 56] (34, 25) } for the 1 time
2025-03-31 12:55:04,681 - root - INFO - Created subproblem instance for conflict { position 60 [33, 56] (34, 25) }
2025-03-31 12:55:04,769 - root - INFO - Optimal solver was successful
2025-03-31 12:55:04,812 - root - INFO - Created subproblem instance for conflict { position 60 [74, 98] (39, 27) }
2025-03-31 12:55:04,891 - root - INFO - Optimal solver was not successful the first time
2025-03-31 12:55:04,969 - root - INFO - Optimal solver was not successful the second time
2025-03-31 12:55:04,969 - root - INFO - Retrying conflict { position 60 [74, 98] (39, 27) } for the 1 time
2025-03-31 12:55:04,969 - root - INFO - Created subproblem instance for conflict { position 60 [74, 98] (39, 27) }
2025-03-31 12:55:05,065 - root - INFO - Optimal solver was successful
2025-03-31 12:55:05,131 - root - INFO - Created subproblem instance for conflict { position 62 [30, 73] (26, 32) }
2025-03-31 12:55:05,215 - root - INFO - Optimal solver was not successful the first time
2025-03-31 12:55:05,285 - root - INFO - Optimal solver was not successful the second time
2025-03-31 12:55:05,285 - root - INFO - Retrying conflict { position 62 [30, 73] (26, 32) } for the 1 time
2025-03-31 12:55:05,285 - root - INFO - Created subproblem instance for conflict { position 62 [30, 73] (26, 32) }
2025-03-31 12:55:05,381 - root - INFO - Optimal solver was successful
2025-03-31 12:55:05,411 - root - INFO - Created subproblem instance for conflict { position 62 [36, 49] (24, 23) }
2025-03-31 12:55:05,486 - root - INFO - Optimal solver was not successful the first time
2025-03-31 12:55:05,545 - root - INFO - Optimal solver was not successful the second time
2025-03-31 12:55:05,545 - root - INFO - Retrying conflict { position 62 [36, 49] (24, 23) } for the 1 time
2025-03-31 12:55:05,547 - root - INFO - Created subproblem instance for conflict { position 62 [36, 49] (24, 23) }
2025-03-31 12:55:05,628 - root - INFO - Optimal solver was successful
2025-03-31 12:55:05,660 - root - INFO - Created subproblem instance for conflict { edge 63 [86, 99] ((36, 17), (37, 17)) }
2025-03-31 12:55:05,737 - root - INFO - Optimal solver was not successful the first time
2025-03-31 12:55:05,800 - root - INFO - Optimal solver was not successful the second time
2025-03-31 12:55:05,800 - root - INFO - Retrying conflict { edge 63 [86, 99] ((36, 17), (37, 17)) } for the 1 time
2025-03-31 12:55:05,800 - root - INFO - Created subproblem instance for conflict { edge 63 [86, 99] ((36, 17), (37, 17)) }
2025-03-31 12:55:05,898 - root - INFO - Optimal solver was successful
2025-03-31 12:55:05,951 - root - INFO - Created subproblem instance for conflict { position 70 [19, 28] (33, 10) }
2025-03-31 12:55:06,018 - root - INFO - Optimal solver was not successful the first time
2025-03-31 12:55:06,091 - root - INFO - Optimal solver was not successful the second time
2025-03-31 12:55:06,091 - root - INFO - Retrying conflict { position 70 [19, 28] (33, 10) } for the 1 time
2025-03-31 12:55:06,092 - root - INFO - Created subproblem instance for conflict { position 70 [19, 28] (33, 10) }
2025-03-31 12:55:06,162 - root - INFO - Optimal solver was not successful the first time
2025-03-31 12:55:06,236 - root - INFO - Optimal solver was not successful the second time
2025-03-31 12:55:06,237 - root - INFO - Created subproblem instance for conflict { edge 71 [58, 66] ((22, 13), (22, 14)) }
2025-03-31 12:55:06,329 - root - INFO - Optimal solver was not successful the first time
2025-03-31 12:55:06,409 - root - INFO - Optimal solver was not successful the second time
2025-03-31 12:55:06,409 - root - INFO - Retrying conflict { edge 71 [58, 66] ((22, 13), (22, 14)) } for the 1 time
2025-03-31 12:55:06,409 - root - INFO - Created subproblem instance for conflict { edge 71 [58, 66] ((22, 13), (22, 14)) }
2025-03-31 12:55:06,481 - root - INFO - Optimal solver was successful
2025-03-31 12:55:06,511 - root - INFO - Retrying conflict { position 70 [19, 28] (33, 10) } for the 2 time
2025-03-31 12:55:06,511 - root - INFO - Created subproblem instance for conflict { position 70 [19, 28] (33, 10) }
2025-03-31 12:55:06,594 - root - INFO - Optimal solver was successful
2025-03-31 12:55:06,630 - root - INFO - Created subproblem instance for conflict { position 72 [39, 92] (40, 49) }
2025-03-31 12:55:06,703 - root - INFO - Optimal solver was not successful the first time
2025-03-31 12:55:06,764 - root - INFO - Optimal solver was not successful the second time
2025-03-31 12:55:06,764 - root - INFO - Retrying conflict { position 72 [39, 92] (40, 49) } for the 1 time
2025-03-31 12:55:06,765 - root - INFO - Created subproblem instance for conflict { position 72 [39, 92] (40, 49) }
2025-03-31 12:55:06,838 - root - INFO - Optimal solver was successful
2025-03-31 12:55:06,874 - root - INFO - Created subproblem instance for conflict { position 74 [32, 45] (36, 22) }
2025-03-31 12:55:06,943 - root - INFO - Optimal solver was not successful the first time
2025-03-31 12:55:07,006 - root - INFO - Optimal solver was not successful the second time
2025-03-31 12:55:07,006 - root - INFO - Retrying conflict { position 74 [32, 45] (36, 22) } for the 1 time
2025-03-31 12:55:07,007 - root - INFO - Created subproblem instance for conflict { position 74 [32, 45] (36, 22) }
2025-03-31 12:55:07,083 - root - INFO - Optimal solver was successful
2025-03-31 12:55:07,131 - root - INFO - Created subproblem instance for conflict { position 74 [77, 78] (40, 26) }
2025-03-31 12:55:07,202 - root - INFO - Optimal solver was not successful the first time
2025-03-31 12:55:07,263 - root - INFO - Optimal solver was not successful the second time
2025-03-31 12:55:07,263 - root - INFO - Retrying conflict { position 74 [77, 78] (40, 26) } for the 1 time
2025-03-31 12:55:07,264 - root - INFO - Created subproblem instance for conflict { position 74 [77, 78] (40, 26) }
2025-03-31 12:55:07,369 - root - INFO - Optimal solver was successful
2025-03-31 12:55:07,416 - root - INFO - Created subproblem instance for conflict { position 76 [2, 14] (19, 36) }
2025-03-31 12:55:07,486 - root - INFO - Optimal solver was not successful the first time
2025-03-31 12:55:07,543 - root - INFO - Optimal solver was not successful the second time
2025-03-31 12:55:07,544 - root - INFO - Retrying conflict { position 76 [2, 14] (19, 36) } for the 1 time
2025-03-31 12:55:07,544 - root - INFO - Created subproblem instance for conflict { position 76 [2, 14] (19, 36) }
2025-03-31 12:55:07,626 - root - INFO - Optimal solver was successful
2025-03-31 12:55:07,697 - root - INFO - Created subproblem instance for conflict { position 76 [18, 72] (26, 37) }
2025-03-31 12:55:07,792 - root - INFO - Optimal solver was not successful the first time
2025-03-31 12:55:07,856 - root - INFO - Optimal solver was not successful the second time
2025-03-31 12:55:07,856 - root - INFO - Retrying conflict { position 76 [18, 72] (26, 37) } for the 1 time
2025-03-31 12:55:07,857 - root - INFO - Created subproblem instance for conflict { position 76 [18, 72] (26, 37) }
2025-03-31 12:55:07,940 - root - INFO - Optimal solver was successful
2025-03-31 12:55:07,987 - root - INFO - Created subproblem instance for conflict { position 76 [91, 98] (41, 27) }
2025-03-31 12:55:08,066 - root - INFO - Optimal solver was not successful the first time
2025-03-31 12:55:08,125 - root - INFO - Optimal solver was not successful the second time
2025-03-31 12:55:08,125 - root - INFO - Retrying conflict { position 76 [91, 98] (41, 27) } for the 1 time
2025-03-31 12:55:08,126 - root - INFO - Created subproblem instance for conflict { position 76 [91, 98] (41, 27) }
2025-03-31 12:55:08,199 - root - INFO - Optimal solver was successful
2025-03-31 12:55:08,233 - root - INFO - Created subproblem instance for conflict { position 78 [4, 46] (37, 42) }
2025-03-31 12:55:08,307 - root - INFO - Optimal solver was not successful the first time
2025-03-31 12:55:08,383 - root - INFO - Optimal solver was not successful the second time
2025-03-31 12:55:08,383 - root - INFO - Retrying conflict { position 78 [4, 46] (37, 42) } for the 1 time
2025-03-31 12:55:08,383 - root - INFO - Created subproblem instance for conflict { position 78 [4, 46] (37, 42) }
2025-03-31 12:55:08,471 - root - INFO - Optimal solver was successful
2025-03-31 12:55:08,517 - root - INFO - Created subproblem instance for conflict { position 78 [9, 30] (26, 32) }
2025-03-31 12:55:08,604 - root - INFO - Optimal solver was not successful the first time
2025-03-31 12:55:08,678 - root - INFO - Optimal solver was not successful the second time
2025-03-31 12:55:08,678 - root - INFO - Retrying conflict { position 78 [9, 30] (26, 32) } for the 1 time
2025-03-31 12:55:08,679 - root - INFO - Created subproblem instance for conflict { position 78 [9, 30] (26, 32) }
2025-03-31 12:55:08,752 - root - INFO - Optimal solver was successful
2025-03-31 12:55:08,792 - root - INFO - Created subproblem instance for conflict { position 82 [5, 58] (25, 12) }
2025-03-31 12:55:08,870 - root - INFO - Optimal solver was not successful the first time
2025-03-31 12:55:08,936 - root - INFO - Optimal solver was not successful the second time
2025-03-31 12:55:08,936 - root - INFO - Retrying conflict { position 82 [5, 58] (25, 12) } for the 1 time
2025-03-31 12:55:08,936 - root - INFO - Created subproblem instance for conflict { position 82 [5, 58] (25, 12) }
2025-03-31 12:55:09,036 - root - INFO - Optimal solver was successful
2025-03-31 12:55:09,092 - root - INFO - Created subproblem instance for conflict { position 82 [49, 74] (31, 25) }
2025-03-31 12:55:09,168 - root - INFO - Optimal solver was not successful the first time
2025-03-31 12:55:09,251 - root - INFO - Optimal solver was not successful the second time
2025-03-31 12:55:09,251 - root - INFO - Retrying conflict { position 82 [49, 74] (31, 25) } for the 1 time
2025-03-31 12:55:09,252 - root - INFO - Created subproblem instance for conflict { position 82 [49, 74] (31, 25) }
2025-03-31 12:55:09,340 - root - INFO - Optimal solver was not successful the first time
2025-03-31 12:55:09,414 - root - INFO - Optimal solver was not successful the second time
2025-03-31 12:55:09,415 - root - INFO - Created subproblem instance for conflict { position 86 [36, 73] (24, 23) }
2025-03-31 12:55:09,491 - root - INFO - Optimal solver was not successful the first time
2025-03-31 12:55:09,561 - root - INFO - Optimal solver was not successful the second time
2025-03-31 12:55:09,561 - root - INFO - Retrying conflict { position 86 [36, 73] (24, 23) } for the 1 time
2025-03-31 12:55:09,562 - root - INFO - Created subproblem instance for conflict { position 86 [36, 73] (24, 23) }
2025-03-31 12:55:09,656 - root - INFO - Optimal solver was successful
2025-03-31 12:55:09,699 - root - INFO - Retrying conflict { position 82 [49, 74] (31, 25) } for the 2 time
2025-03-31 12:55:09,699 - root - INFO - Created subproblem instance for conflict { position 82 [49, 74] (31, 25) }
2025-03-31 12:55:09,783 - root - INFO - Optimal solver was not successful the first time
2025-03-31 12:55:09,846 - root - INFO - Optimal solver was not successful the second time
2025-03-31 12:55:09,847 - root - INFO - Created subproblem instance for conflict { position 88 [15, 45] (30, 22) }
2025-03-31 12:55:09,925 - root - INFO - Optimal solver was not successful the first time
2025-03-31 12:55:09,982 - root - INFO - Optimal solver was not successful the second time
2025-03-31 12:55:09,982 - root - INFO - Retrying conflict { position 88 [15, 45] (30, 22) } for the 1 time
2025-03-31 12:55:09,982 - root - INFO - Created subproblem instance for conflict { position 88 [15, 45] (30, 22) }
2025-03-31 12:55:10,048 - root - INFO - Optimal solver was successful
2025-03-31 12:55:10,090 - root - INFO - Retrying conflict { position 82 [49, 74] (31, 25) } for the 3 time
2025-03-31 12:55:10,090 - root - INFO - Created subproblem instance for conflict { position 82 [49, 74] (31, 25) }
2025-03-31 12:55:10,176 - root - INFO - Optimal solver was not successful the first time
2025-03-31 12:55:10,253 - root - INFO - Optimal solver was not successful the second time
2025-03-31 12:55:10,253 - root - INFO - Created subproblem instance for conflict { position 88 [49, 56] (34, 25) }
2025-03-31 12:55:10,336 - root - INFO - Optimal solver was not successful the first time
2025-03-31 12:55:10,404 - root - INFO - Optimal solver was not successful the second time
2025-03-31 12:55:10,404 - root - INFO - Retrying conflict { position 88 [49, 56] (34, 25) } for the 1 time
2025-03-31 12:55:10,405 - root - INFO - Created subproblem instance for conflict { position 88 [49, 56] (34, 25) }
2025-03-31 12:55:10,473 - root - INFO - Optimal solver was not successful the first time
2025-03-31 12:55:10,526 - root - INFO - Optimal solver was not successful the second time
2025-03-31 12:55:10,526 - root - INFO - Created subproblem instance for conflict { position 88 [60, 76] (40, 40) }
2025-03-31 12:55:10,592 - root - INFO - Optimal solver was not successful the first time
2025-03-31 12:55:10,656 - root - INFO - Optimal solver was not successful the second time
2025-03-31 12:55:10,656 - root - INFO - Retrying conflict { position 88 [60, 76] (40, 40) } for the 1 time
2025-03-31 12:55:10,656 - root - INFO - Created subproblem instance for conflict { position 88 [60, 76] (40, 40) }
2025-03-31 12:55:10,725 - root - INFO - Optimal solver was successful
2025-03-31 12:55:10,763 - root - INFO - Retrying conflict { position 82 [49, 74] (31, 25) } for the 4 time
2025-03-31 12:55:10,764 - root - INFO - Created subproblem instance for conflict { position 82 [49, 74] (31, 25) }
2025-03-31 12:55:10,869 - root - INFO - Optimal solver was not successful the first time
2025-03-31 12:55:10,968 - root - INFO - Optimal solver was not successful the second time
2025-03-31 12:55:10,968 - root - INFO - Retrying conflict { position 88 [49, 56] (34, 25) } for the 2 time
2025-03-31 12:55:10,968 - root - INFO - Created subproblem instance for conflict { position 88 [49, 56] (34, 25) }
2025-03-31 12:55:11,041 - root - INFO - Optimal solver was not successful the first time
2025-03-31 12:55:11,097 - root - INFO - Optimal solver was not successful the second time
2025-03-31 12:55:11,098 - root - INFO - Created subproblem instance for conflict { position 88 [63, 99] (26, 16) }
2025-03-31 12:55:11,168 - root - INFO - Optimal solver was not successful the first time
2025-03-31 12:55:11,230 - root - INFO - Optimal solver was not successful the second time
2025-03-31 12:55:11,230 - root - INFO - Retrying conflict { position 88 [63, 99] (26, 16) } for the 1 time
2025-03-31 12:55:11,230 - root - INFO - Created subproblem instance for conflict { position 88 [63, 99] (26, 16) }
2025-03-31 12:55:11,312 - root - INFO - Optimal solver was successful
2025-03-31 12:55:11,350 - root - INFO - Retrying conflict { position 82 [49, 74] (31, 25) } for the 5 time
2025-03-31 12:55:11,351 - root - INFO - Created subproblem instance for conflict { position 82 [49, 74] (31, 25) }
2025-03-31 12:55:11,483 - root - INFO - Optimal solver was successful
2025-03-31 12:55:11,524 - root - INFO - Created subproblem instance for conflict { edge 89 [25, 33] ((30, 34), (30, 35)) }
2025-03-31 12:55:11,599 - root - INFO - Optimal solver was not successful the first time
2025-03-31 12:55:11,659 - root - INFO - Optimal solver was not successful the second time
2025-03-31 12:55:11,659 - root - INFO - Retrying conflict { edge 89 [25, 33] ((30, 34), (30, 35)) } for the 1 time
2025-03-31 12:55:11,660 - root - INFO - Created subproblem instance for conflict { edge 89 [25, 33] ((30, 34), (30, 35)) }
2025-03-31 12:55:11,746 - root - INFO - Optimal solver was successful
2025-03-31 12:55:11,787 - root - INFO - Created subproblem instance for conflict { position 90 [16, 66] (25, 19) }
2025-03-31 12:55:11,858 - root - INFO - Optimal solver was not successful the first time
2025-03-31 12:55:11,918 - root - INFO - Optimal solver was not successful the second time
2025-03-31 12:55:11,918 - root - INFO - Retrying conflict { position 90 [16, 66] (25, 19) } for the 1 time
2025-03-31 12:55:11,919 - root - INFO - Created subproblem instance for conflict { position 90 [16, 66] (25, 19) }
2025-03-31 12:55:11,990 - root - INFO - Optimal solver was successful
2025-03-31 12:55:12,029 - root - INFO - Created subproblem instance for conflict { edge 91 [67, 81] ((23, 26), (23, 27)) }
2025-03-31 12:55:12,108 - root - INFO - Optimal solver was not successful the first time
2025-03-31 12:55:12,177 - root - INFO - Optimal solver was not successful the second time
2025-03-31 12:55:12,177 - root - INFO - Retrying conflict { edge 91 [67, 81] ((23, 26), (23, 27)) } for the 1 time
2025-03-31 12:55:12,178 - root - INFO - Created subproblem instance for conflict { edge 91 [67, 81] ((23, 26), (23, 27)) }
2025-03-31 12:55:12,276 - root - INFO - Optimal solver was successful
2025-03-31 12:55:12,341 - root - INFO - Created subproblem instance for conflict { position 92 [2, 55] (22, 40) }
2025-03-31 12:55:12,421 - root - INFO - Optimal solver was not successful the first time
2025-03-31 12:55:12,489 - root - INFO - Optimal solver was not successful the second time
2025-03-31 12:55:12,489 - root - INFO - Retrying conflict { position 92 [2, 55] (22, 40) } for the 1 time
2025-03-31 12:55:12,490 - root - INFO - Created subproblem instance for conflict { position 92 [2, 55] (22, 40) }
2025-03-31 12:55:12,580 - root - INFO - Optimal solver was successful
2025-03-31 12:55:12,626 - root - INFO - Created subproblem instance for conflict { position 92 [51, 56] (34, 25) }
2025-03-31 12:55:12,696 - root - INFO - Optimal solver was not successful the first time
2025-03-31 12:55:12,758 - root - INFO - Optimal solver was not successful the second time
2025-03-31 12:55:12,759 - root - INFO - Retrying conflict { position 92 [51, 56] (34, 25) } for the 1 time
2025-03-31 12:55:12,759 - root - INFO - Created subproblem instance for conflict { position 92 [51, 56] (34, 25) }
2025-03-31 12:55:12,836 - root - INFO - Optimal solver was successful
2025-03-31 12:55:12,894 - root - INFO - Created subproblem instance for conflict { position 92 [78, 94] (43, 29) }
2025-03-31 12:55:12,975 - root - INFO - Optimal solver was not successful the first time
2025-03-31 12:55:13,035 - root - INFO - Optimal solver was not successful the second time
2025-03-31 12:55:13,035 - root - INFO - Retrying conflict { position 92 [78, 94] (43, 29) } for the 1 time
2025-03-31 12:55:13,036 - root - INFO - Created subproblem instance for conflict { position 92 [78, 94] (43, 29) }
2025-03-31 12:55:13,135 - root - INFO - Optimal solver was successful
2025-03-31 12:55:13,187 - root - INFO - Created subproblem instance for conflict { position 96 [7, 14] (19, 36) }
2025-03-31 12:55:13,257 - root - INFO - Optimal solver was successful
2025-03-31 12:55:13,303 - root - INFO - Created subproblem instance for conflict { position 96 [77, 97] (37, 19) }
2025-03-31 12:55:13,373 - root - INFO - Optimal solver was successful
2025-03-31 12:55:13,419 - root - INFO - Created subproblem instance for conflict { edge 101 [25, 93] ((32, 31), (32, 32)) }
2025-03-31 12:55:13,496 - root - INFO - Optimal solver was not successful the first time
2025-03-31 12:55:13,561 - root - INFO - Optimal solver was not successful the second time
2025-03-31 12:55:13,561 - root - INFO - Retrying conflict { edge 101 [25, 93] ((32, 31), (32, 32)) } for the 1 time
2025-03-31 12:55:13,562 - root - INFO - Created subproblem instance for conflict { edge 101 [25, 93] ((32, 31), (32, 32)) }
2025-03-31 12:55:13,638 - root - INFO - Optimal solver was successful
2025-03-31 12:55:13,689 - root - INFO - Created subproblem instance for conflict { position 102 [2, 17] (24, 42) }
2025-03-31 12:55:13,762 - root - INFO - Optimal solver was not successful the first time
2025-03-31 12:55:13,821 - root - INFO - Optimal solver was not successful the second time
2025-03-31 12:55:13,822 - root - INFO - Retrying conflict { position 102 [2, 17] (24, 42) } for the 1 time
2025-03-31 12:55:13,822 - root - INFO - Created subproblem instance for conflict { position 102 [2, 17] (24, 42) }
2025-03-31 12:55:13,938 - root - INFO - Optimal solver was successful
2025-03-31 12:55:13,993 - root - INFO - Created subproblem instance for conflict { edge 103 [28, 90] ((27, 17), (27, 18)) }
2025-03-31 12:55:14,077 - root - INFO - Optimal solver was not successful the first time
2025-03-31 12:55:14,159 - root - INFO - Optimal solver was not successful the second time
2025-03-31 12:55:14,159 - root - INFO - Retrying conflict { edge 103 [28, 90] ((27, 17), (27, 18)) } for the 1 time
2025-03-31 12:55:14,160 - root - INFO - Created subproblem instance for conflict { edge 103 [28, 90] ((27, 17), (27, 18)) }
2025-03-31 12:55:14,272 - root - INFO - Optimal solver was successful
2025-03-31 12:55:14,322 - root - INFO - Created subproblem instance for conflict { position 104 [39, 96] (27, 47) }
2025-03-31 12:55:14,405 - root - INFO - Optimal solver was not successful the first time
2025-03-31 12:55:14,464 - root - INFO - Optimal solver was not successful the second time
2025-03-31 12:55:14,464 - root - INFO - Retrying conflict { position 104 [39, 96] (27, 47) } for the 1 time
2025-03-31 12:55:14,464 - root - INFO - Created subproblem instance for conflict { position 104 [39, 96] (27, 47) }
2025-03-31 12:55:14,539 - root - INFO - Optimal solver was not successful the first time
2025-03-31 12:55:14,601 - root - INFO - Optimal solver was not successful the second time
2025-03-31 12:55:14,602 - root - INFO - Created subproblem instance for conflict { position 104 [62, 98] (41, 27) }
2025-03-31 12:55:14,673 - root - INFO - Optimal solver was not successful the first time
2025-03-31 12:55:14,730 - root - INFO - Optimal solver was not successful the second time
2025-03-31 12:55:14,730 - root - INFO - Retrying conflict { position 104 [62, 98] (41, 27) } for the 1 time
2025-03-31 12:55:14,731 - root - INFO - Created subproblem instance for conflict { position 104 [62, 98] (41, 27) }
2025-03-31 12:55:14,807 - root - INFO - Optimal solver was successful
2025-03-31 12:55:14,864 - root - INFO - Retrying conflict { position 104 [39, 96] (27, 47) } for the 2 time
2025-03-31 12:55:14,864 - root - INFO - Created subproblem instance for conflict { position 104 [39, 96] (27, 47) }
2025-03-31 12:55:14,943 - root - INFO - Optimal solver was successful
2025-03-31 12:55:14,990 - root - INFO - Created subproblem instance for conflict { edge 111 [45, 79] ((22, 24), (22, 25)) }
2025-03-31 12:55:15,070 - root - INFO - Optimal solver was not successful the first time
2025-03-31 12:55:15,135 - root - INFO - Optimal solver was not successful the second time
2025-03-31 12:55:15,135 - root - INFO - Retrying conflict { edge 111 [45, 79] ((22, 24), (22, 25)) } for the 1 time
2025-03-31 12:55:15,136 - root - INFO - Created subproblem instance for conflict { edge 111 [45, 79] ((22, 24), (22, 25)) }
2025-03-31 12:55:15,210 - root - INFO - Optimal solver was successful
2025-03-31 12:55:15,259 - root - INFO - Created subproblem instance for conflict { edge 113 [22, 66] ((30, 24), (30, 25)) }
2025-03-31 12:55:15,335 - root - INFO - Optimal solver was not successful the first time
2025-03-31 12:55:15,409 - root - INFO - Optimal solver was not successful the second time
2025-03-31 12:55:15,409 - root - INFO - Retrying conflict { edge 113 [22, 66] ((30, 24), (30, 25)) } for the 1 time
2025-03-31 12:55:15,409 - root - INFO - Created subproblem instance for conflict { edge 113 [22, 66] ((30, 24), (30, 25)) }
2025-03-31 12:55:15,488 - root - INFO - Optimal solver was successful
2025-03-31 12:55:15,548 - root - INFO - Created subproblem instance for conflict { position 114 [42, 60] (35, 33) }
2025-03-31 12:55:15,623 - root - INFO - Optimal solver was not successful the first time
2025-03-31 12:55:15,691 - root - INFO - Optimal solver was not successful the second time
2025-03-31 12:55:15,691 - root - INFO - Retrying conflict { position 114 [42, 60] (35, 33) } for the 1 time
2025-03-31 12:55:15,691 - root - INFO - Created subproblem instance for conflict { position 114 [42, 60] (35, 33) }
2025-03-31 12:55:15,773 - root - INFO - Optimal solver was successful
2025-03-31 12:55:15,830 - root - INFO - Created subproblem instance for conflict { position 120 [11, 51] (29, 17) }
2025-03-31 12:55:15,904 - root - INFO - Optimal solver was not successful the first time
2025-03-31 12:55:15,969 - root - INFO - Optimal solver was not successful the second time
2025-03-31 12:55:15,969 - root - INFO - Retrying conflict { position 120 [11, 51] (29, 17) } for the 1 time
2025-03-31 12:55:15,969 - root - INFO - Created subproblem instance for conflict { position 120 [11, 51] (29, 17) }
2025-03-31 12:55:16,052 - root - INFO - Optimal solver was successful
2025-03-31 12:55:16,117 - root - INFO - Created subproblem instance for conflict { position 124 [1, 43] (8, 2) }
2025-03-31 12:55:16,254 - root - INFO - Optimal solver was not successful the first time
2025-03-31 12:55:16,308 - root - INFO - Optimal solver was not successful the second time
2025-03-31 12:55:16,308 - root - INFO - Retrying conflict { position 124 [1, 43] (8, 2) } for the 1 time
2025-03-31 12:55:16,309 - root - INFO - Created subproblem instance for conflict { position 124 [1, 43] (8, 2) }
2025-03-31 12:55:16,374 - root - INFO - Optimal solver was successful
2025-03-31 12:55:16,433 - root - INFO - Created subproblem instance for conflict { position 128 [17, 45] (22, 32) }
2025-03-31 12:55:16,515 - root - INFO - Optimal solver was not successful the first time
2025-03-31 12:55:16,592 - root - INFO - Optimal solver was not successful the second time
2025-03-31 12:55:16,592 - root - INFO - Retrying conflict { position 128 [17, 45] (22, 32) } for the 1 time
2025-03-31 12:55:16,592 - root - INFO - Created subproblem instance for conflict { position 128 [17, 45] (22, 32) }
2025-03-31 12:55:16,696 - root - INFO - Optimal solver was successful
2025-03-31 12:55:16,754 - root - INFO - Created subproblem instance for conflict { position 132 [6, 60] (31, 29) }
2025-03-31 12:55:16,843 - root - INFO - Optimal solver was not successful the first time
2025-03-31 12:55:16,917 - root - INFO - Optimal solver was not successful the second time
2025-03-31 12:55:16,917 - root - INFO - Retrying conflict { position 132 [6, 60] (31, 29) } for the 1 time
2025-03-31 12:55:16,917 - root - INFO - Created subproblem instance for conflict { position 132 [6, 60] (31, 29) }
2025-03-31 12:55:17,015 - root - INFO - Optimal solver was successful
2025-03-31 12:55:17,080 - root - INFO - Created subproblem instance for conflict { position 132 [38, 42] (33, 39) }
2025-03-31 12:55:17,166 - root - INFO - Optimal solver was not successful the first time
2025-03-31 12:55:17,263 - root - INFO - Optimal solver was not successful the second time
2025-03-31 12:55:17,263 - root - INFO - Retrying conflict { position 132 [38, 42] (33, 39) } for the 1 time
2025-03-31 12:55:17,264 - root - INFO - Created subproblem instance for conflict { position 132 [38, 42] (33, 39) }
2025-03-31 12:55:17,345 - root - INFO - Optimal solver was successful
2025-03-31 12:55:17,398 - root - INFO - Created subproblem instance for conflict { position 138 [80, 85] (38, 56) }
2025-03-31 12:55:17,480 - root - INFO - Optimal solver was not successful the first time
2025-03-31 12:55:17,549 - root - INFO - Optimal solver was not successful the second time
2025-03-31 12:55:17,550 - root - INFO - Retrying conflict { position 138 [80, 85] (38, 56) } for the 1 time
2025-03-31 12:55:17,550 - root - INFO - Created subproblem instance for conflict { position 138 [80, 85] (38, 56) }
2025-03-31 12:55:17,631 - root - INFO - Optimal solver was successful
2025-03-31 12:55:17,683 - root - INFO - Created subproblem instance for conflict { position 142 [11, 79] (29, 17) }
2025-03-31 12:55:17,761 - root - INFO - Optimal solver was not successful the first time
2025-03-31 12:55:17,845 - root - INFO - Optimal solver was not successful the second time
2025-03-31 12:55:17,845 - root - INFO - Retrying conflict { position 142 [11, 79] (29, 17) } for the 1 time
2025-03-31 12:55:17,846 - root - INFO - Created subproblem instance for conflict { position 142 [11, 79] (29, 17) }
2025-03-31 12:55:17,956 - root - INFO - Optimal solver was successful
2025-03-31 12:55:18,026 - root - INFO - Created subproblem instance for conflict { position 144 [49, 61] (47, 31) }
2025-03-31 12:55:18,115 - root - INFO - Optimal solver was not successful the first time
2025-03-31 12:55:18,192 - root - INFO - Optimal solver was not successful the second time
2025-03-31 12:55:18,192 - root - INFO - Retrying conflict { position 144 [49, 61] (47, 31) } for the 1 time
2025-03-31 12:55:18,193 - root - INFO - Created subproblem instance for conflict { position 144 [49, 61] (47, 31) }
2025-03-31 12:55:18,297 - root - INFO - Optimal solver was successful
2025-03-31 12:55:18,358 - root - INFO - Created subproblem instance for conflict { position 148 [14, 39] (19, 36) }
2025-03-31 12:55:18,435 - root - INFO - Optimal solver was not successful the first time
2025-03-31 12:55:18,493 - root - INFO - Optimal solver was not successful the second time
2025-03-31 12:55:18,493 - root - INFO - Retrying conflict { position 148 [14, 39] (19, 36) } for the 1 time
2025-03-31 12:55:18,494 - root - INFO - Created subproblem instance for conflict { position 148 [14, 39] (19, 36) }
2025-03-31 12:55:18,577 - root - INFO - Optimal solver was successful
2025-03-31 12:55:18,636 - root - INFO - Created subproblem instance for conflict { position 150 [74, 99] (15, 16) }
2025-03-31 12:55:18,710 - root - INFO - Optimal solver was not successful the first time
2025-03-31 12:55:18,790 - root - INFO - Optimal solver was not successful the second time
2025-03-31 12:55:18,790 - root - INFO - Retrying conflict { position 150 [74, 99] (15, 16) } for the 1 time
2025-03-31 12:55:18,790 - root - INFO - Created subproblem instance for conflict { position 150 [74, 99] (15, 16) }
2025-03-31 12:55:18,872 - root - INFO - Optimal solver was successful
2025-03-31 12:55:18,928 - root - INFO - Created subproblem instance for conflict { position 158 [16, 94] (27, 13) }
2025-03-31 12:55:18,999 - root - INFO - Optimal solver was not successful the first time
2025-03-31 12:55:19,059 - root - INFO - Optimal solver was not successful the second time
2025-03-31 12:55:19,059 - root - INFO - Retrying conflict { position 158 [16, 94] (27, 13) } for the 1 time
2025-03-31 12:55:19,059 - root - INFO - Created subproblem instance for conflict { position 158 [16, 94] (27, 13) }
2025-03-31 12:55:19,135 - root - INFO - Optimal solver was successful
2025-03-31 12:55:19,189 - root - INFO - Created subproblem instance for conflict { position 158 [17, 28] (12, 28) }
2025-03-31 12:55:19,254 - root - INFO - Optimal solver was not successful the first time
2025-03-31 12:55:19,322 - root - INFO - Optimal solver was not successful the second time
2025-03-31 12:55:19,322 - root - INFO - Retrying conflict { position 158 [17, 28] (12, 28) } for the 1 time
2025-03-31 12:55:19,322 - root - INFO - Created subproblem instance for conflict { position 158 [17, 28] (12, 28) }
2025-03-31 12:55:19,410 - root - INFO - Optimal solver was successful
2025-03-31 12:55:19,464 - root - INFO - Created subproblem instance for conflict { position 164 [46, 66] (37, 42) }
2025-03-31 12:55:19,534 - root - INFO - Optimal solver was not successful the first time
2025-03-31 12:55:19,593 - root - INFO - Optimal solver was not successful the second time
2025-03-31 12:55:19,593 - root - INFO - Retrying conflict { position 164 [46, 66] (37, 42) } for the 1 time
2025-03-31 12:55:19,593 - root - INFO - Created subproblem instance for conflict { position 164 [46, 66] (37, 42) }
2025-03-31 12:55:19,688 - root - INFO - Optimal solver was successful
2025-03-31 12:55:19,749 - root - INFO - Created subproblem instance for conflict { position 164 [87, 99] (15, 16) }
2025-03-31 12:55:19,833 - root - INFO - Optimal solver was not successful the first time
2025-03-31 12:55:19,904 - root - INFO - Optimal solver was not successful the second time
2025-03-31 12:55:19,904 - root - INFO - Retrying conflict { position 164 [87, 99] (15, 16) } for the 1 time
2025-03-31 12:55:19,904 - root - INFO - Created subproblem instance for conflict { position 164 [87, 99] (15, 16) }
2025-03-31 12:55:19,993 - root - INFO - Optimal solver was successful
2025-03-31 12:55:20,064 - root - INFO - Created subproblem instance for conflict { position 168 [3, 75] (51, 43) }
2025-03-31 12:55:20,176 - root - INFO - Optimal solver was not successful the first time
2025-03-31 12:55:20,250 - root - INFO - Optimal solver was not successful the second time
2025-03-31 12:55:20,250 - root - INFO - Retrying conflict { position 168 [3, 75] (51, 43) } for the 1 time
2025-03-31 12:55:20,250 - root - INFO - Created subproblem instance for conflict { position 168 [3, 75] (51, 43) }
2025-03-31 12:55:20,332 - root - INFO - Optimal solver was successful
2025-03-31 12:55:20,388 - root - INFO - Created subproblem instance for conflict { position 190 [38, 41] (45, 55) }
2025-03-31 12:55:20,463 - root - INFO - Optimal solver was not successful the first time
2025-03-31 12:55:20,527 - root - INFO - Optimal solver was not successful the second time
2025-03-31 12:55:20,527 - root - INFO - Retrying conflict { position 190 [38, 41] (45, 55) } for the 1 time
2025-03-31 12:55:20,528 - root - INFO - Created subproblem instance for conflict { position 190 [38, 41] (45, 55) }
2025-03-31 12:55:20,618 - root - INFO - Optimal solver was successful
2025-03-31 12:55:20,676 - root - INFO - Created subproblem instance for conflict { position 192 [54, 90] (53, 0) }
2025-03-31 12:55:20,745 - root - INFO - Optimal solver was not successful the first time
2025-03-31 12:55:20,804 - root - INFO - Optimal solver was not successful the second time
2025-03-31 12:55:20,804 - root - INFO - Retrying conflict { position 192 [54, 90] (53, 0) } for the 1 time
2025-03-31 12:55:20,805 - root - INFO - Created subproblem instance for conflict { position 192 [54, 90] (53, 0) }
2025-03-31 12:55:20,876 - root - INFO - Optimal solver was successful
2025-03-31 12:55:20,939 - root - INFO - Created subproblem instance for conflict { position 198 [4, 50] (61, 7) }
2025-03-31 12:55:21,010 - root - INFO - Optimal solver was not successful the first time
2025-03-31 12:55:21,065 - root - INFO - Optimal solver was not successful the second time
2025-03-31 12:55:21,065 - root - INFO - Retrying conflict { position 198 [4, 50] (61, 7) } for the 1 time
2025-03-31 12:55:21,065 - root - INFO - Created subproblem instance for conflict { position 198 [4, 50] (61, 7) }
2025-03-31 12:55:21,138 - root - INFO - Optimal solver was successful
2025-03-31 12:55:21,206 - root - INFO - Created subproblem instance for conflict { position 208 [48, 90] (60, 0) }
2025-03-31 12:55:21,275 - root - INFO - Optimal solver was not successful the first time
2025-03-31 12:55:21,334 - root - INFO - Optimal solver was not successful the second time
2025-03-31 12:55:21,335 - root - INFO - Retrying conflict { position 208 [48, 90] (60, 0) } for the 1 time
2025-03-31 12:55:21,335 - root - INFO - Created subproblem instance for conflict { position 208 [48, 90] (60, 0) }
2025-03-31 12:55:21,407 - root - INFO - Optimal solver was successful
2025-03-31 12:55:21,506 - __main__ - INFO - Fixing conflicts took 25.25411295890808 seconds
2025-03-31 12:55:21,506 - __main__ - INFO - Total combined solver runtime is 25.549601316452026 seconds
2025-03-31 12:55:21,507 - __main__ - INFO - Number of conflicts at termination: 0
2025-03-31 12:55:21,507 - __main__ - INFO - Number of unsolveable conflicts at termination: 0
2025-03-31 12:55:21,507 - __main__ - INFO - Maximum agent path legnth after optimal solver: 443
2025-03-31 12:55:21,509 - __main__ - INFO - Number of position conflicts post solver: 0
2025-03-31 12:55:21,509 - __main__ - INFO - Number of edge conflicts post solver: 0
2025-03-31 12:55:21,509 - __main__ - INFO - Number of path conflicts post solver: 0
2025-03-31 12:55:21,510 - __main__ - INFO - Number of 'unsolveable' position conflicts post solver: 0
2025-03-31 12:55:21,510 - __main__ - INFO - Number of 'unsolveable' edge conflicts post solver: 0
2025-03-31 12:55:21,510 - __main__ - INFO - Number of 'unsolveable' path conflicts post solver: 0
