2025-04-02 11:46:28,899 - __main__ - INFO - Starting the MAPF solver program
2025-04-02 11:46:28,902 - __main__ - DEBUG - Arguments received: Namespace(scen_file='warehouse-10-20-10-2-2-random-1.scen', number_agents=100, percentage_agents=100, modified_search=True, timeout=900, concise=False)
2025-04-02 11:46:28,903 - __main__ - INFO - Map and agent information loaded.
2025-04-02 11:46:28,903 - __main__ - INFO - Using modified A* for pathfinding.
2025-04-02 11:46:29,457 - __main__ - INFO - Non-optimal solver took 0.5537598133087158 seconds to find initial paths for agents
2025-04-02 11:46:29,488 - __main__ - INFO - Initial conflicts identified: 78
2025-04-02 11:46:29,499 - __main__ - INFO - Initial number of position conflicts: 66
2025-04-02 11:46:29,500 - __main__ - INFO - Initial number of edge conflicts: 12
2025-04-02 11:46:29,500 - __main__ - INFO - Initial number of path conflicts: 0
2025-04-02 11:46:29,500 - __main__ - INFO - Maximum agent path legnth after non-optimal solver: 207
2025-04-02 11:46:29,535 - root - INFO - Created subproblem instance for conflict { position 2 [16, 79] (163, 51) }
2025-04-02 11:46:29,614 - root - INFO - Optimal solver was not successful the first time
2025-04-02 11:46:29,687 - root - INFO - Optimal solver was not successful the second time
2025-04-02 11:46:29,687 - root - INFO - Retrying conflict { position 2 [16, 79] (163, 51) } for the 1 time
2025-04-02 11:46:29,687 - root - INFO - Created subproblem instance for conflict { position 2 [16, 79] (163, 51) }
2025-04-02 11:46:29,760 - root - INFO - Optimal solver was successful
2025-04-02 11:46:29,801 - root - INFO - Created subproblem instance for conflict { position 4 [45, 75] (36, 50) }
2025-04-02 11:46:29,861 - root - INFO - Optimal solver was not successful the first time
2025-04-02 11:46:29,935 - root - INFO - Optimal solver was not successful the second time
2025-04-02 11:46:29,935 - root - INFO - Retrying conflict { position 4 [45, 75] (36, 50) } for the 1 time
2025-04-02 11:46:29,936 - root - INFO - Created subproblem instance for conflict { position 4 [45, 75] (36, 50) }
2025-04-02 11:46:30,006 - root - INFO - Optimal solver was successful
2025-04-02 11:46:30,052 - root - INFO - Created subproblem instance for conflict { position 4 [76, 82] (52, 22) }
2025-04-02 11:46:30,111 - root - INFO - Optimal solver was not successful the first time
2025-04-02 11:46:30,167 - root - INFO - Optimal solver was not successful the second time
2025-04-02 11:46:30,168 - root - INFO - Retrying conflict { position 4 [76, 82] (52, 22) } for the 1 time
2025-04-02 11:46:30,168 - root - INFO - Created subproblem instance for conflict { position 4 [76, 82] (52, 22) }
2025-04-02 11:46:30,243 - root - INFO - Optimal solver was not successful the first time
2025-04-02 11:46:30,320 - root - INFO - Optimal solver was not successful the second time
2025-04-02 11:46:30,321 - root - INFO - Created subproblem instance for conflict { edge 7 [2, 11] ((5, 74), (5, 75)) }
2025-04-02 11:46:30,426 - root - INFO - Optimal solver was not successful the first time
2025-04-02 11:46:30,543 - root - INFO - Optimal solver was not successful the second time
2025-04-02 11:46:30,543 - root - INFO - Retrying conflict { edge 7 [2, 11] ((5, 74), (5, 75)) } for the 1 time
2025-04-02 11:46:30,545 - root - INFO - Created subproblem instance for conflict { edge 7 [2, 11] ((5, 74), (5, 75)) }
2025-04-02 11:46:30,639 - root - INFO - Optimal solver was successful
2025-04-02 11:46:30,691 - root - INFO - Retrying conflict { position 4 [76, 82] (52, 22) } for the 2 time
2025-04-02 11:46:30,691 - root - INFO - Created subproblem instance for conflict { position 4 [76, 82] (52, 22) }
2025-04-02 11:46:30,754 - root - INFO - Optimal solver was successful
2025-04-02 11:46:30,795 - root - INFO - Created subproblem instance for conflict { position 8 [31, 57] (14, 70) }
2025-04-02 11:46:30,870 - root - INFO - Optimal solver was not successful the first time
2025-04-02 11:46:30,930 - root - INFO - Optimal solver was not successful the second time
2025-04-02 11:46:30,930 - root - INFO - Retrying conflict { position 8 [31, 57] (14, 70) } for the 1 time
2025-04-02 11:46:30,931 - root - INFO - Created subproblem instance for conflict { position 8 [31, 57] (14, 70) }
2025-04-02 11:46:31,011 - root - INFO - Optimal solver was successful
2025-04-02 11:46:31,059 - root - INFO - Created subproblem instance for conflict { position 8 [50, 59] (166, 39) }
2025-04-02 11:46:31,123 - root - INFO - Optimal solver was not successful the first time
2025-04-02 11:46:31,208 - root - INFO - Optimal solver was not successful the second time
2025-04-02 11:46:31,208 - root - INFO - Retrying conflict { position 8 [50, 59] (166, 39) } for the 1 time
2025-04-02 11:46:31,208 - root - INFO - Created subproblem instance for conflict { position 8 [50, 59] (166, 39) }
2025-04-02 11:46:31,283 - root - INFO - Optimal solver was successful
2025-04-02 11:46:31,349 - root - INFO - Created subproblem instance for conflict { position 16 [29, 97] (14, 41) }
2025-04-02 11:46:31,464 - root - INFO - Optimal solver was not successful the first time
2025-04-02 11:46:31,533 - root - INFO - Optimal solver was not successful the second time
2025-04-02 11:46:31,534 - root - INFO - Retrying conflict { position 16 [29, 97] (14, 41) } for the 1 time
2025-04-02 11:46:31,534 - root - INFO - Created subproblem instance for conflict { position 16 [29, 97] (14, 41) }
2025-04-02 11:46:31,613 - root - INFO - Optimal solver was successful
2025-04-02 11:46:31,661 - root - INFO - Created subproblem instance for conflict { position 20 [71, 74] (158, 40) }
2025-04-02 11:46:31,742 - root - INFO - Optimal solver was not successful the first time
2025-04-02 11:46:31,820 - root - INFO - Optimal solver was not successful the second time
2025-04-02 11:46:31,820 - root - INFO - Retrying conflict { position 20 [71, 74] (158, 40) } for the 1 time
2025-04-02 11:46:31,821 - root - INFO - Created subproblem instance for conflict { position 20 [71, 74] (158, 40) }
2025-04-02 11:46:31,895 - root - INFO - Optimal solver was successful
2025-04-02 11:46:31,928 - root - INFO - Created subproblem instance for conflict { position 24 [61, 88] (21, 21) }
2025-04-02 11:46:31,989 - root - INFO - Optimal solver was not successful the first time
2025-04-02 11:46:32,054 - root - INFO - Optimal solver was not successful the second time
2025-04-02 11:46:32,054 - root - INFO - Retrying conflict { position 24 [61, 88] (21, 21) } for the 1 time
2025-04-02 11:46:32,055 - root - INFO - Created subproblem instance for conflict { position 24 [61, 88] (21, 21) }
2025-04-02 11:46:32,141 - root - INFO - Optimal solver was successful
2025-04-02 11:46:32,177 - root - INFO - Created subproblem instance for conflict { position 28 [21, 97] (13, 37) }
2025-04-02 11:46:32,243 - root - INFO - Optimal solver was not successful the first time
2025-04-02 11:46:32,312 - root - INFO - Optimal solver was not successful the second time
2025-04-02 11:46:32,312 - root - INFO - Retrying conflict { position 28 [21, 97] (13, 37) } for the 1 time
2025-04-02 11:46:32,314 - root - INFO - Created subproblem instance for conflict { position 28 [21, 97] (13, 37) }
2025-04-02 11:46:32,374 - root - INFO - Optimal solver was successful
2025-04-02 11:46:32,419 - root - INFO - Created subproblem instance for conflict { position 30 [1, 41] (19, 30) }
2025-04-02 11:46:32,499 - root - INFO - Optimal solver was not successful the first time
2025-04-02 11:46:32,567 - root - INFO - Optimal solver was not successful the second time
2025-04-02 11:46:32,567 - root - INFO - Retrying conflict { position 30 [1, 41] (19, 30) } for the 1 time
2025-04-02 11:46:32,568 - root - INFO - Created subproblem instance for conflict { position 30 [1, 41] (19, 30) }
2025-04-02 11:46:32,646 - root - INFO - Optimal solver was successful
2025-04-02 11:46:32,682 - root - INFO - Created subproblem instance for conflict { position 32 [8, 26] (72, 22) }
2025-04-02 11:46:32,743 - root - INFO - Optimal solver was not successful the first time
2025-04-02 11:46:32,806 - root - INFO - Optimal solver was not successful the second time
2025-04-02 11:46:32,806 - root - INFO - Retrying conflict { position 32 [8, 26] (72, 22) } for the 1 time
2025-04-02 11:46:32,807 - root - INFO - Created subproblem instance for conflict { position 32 [8, 26] (72, 22) }
2025-04-02 11:46:32,861 - root - INFO - Optimal solver was successful
2025-04-02 11:46:32,895 - root - INFO - Created subproblem instance for conflict { position 34 [12, 76] (48, 30) }
2025-04-02 11:46:32,996 - root - INFO - Optimal solver was not successful the first time
2025-04-02 11:46:33,073 - root - INFO - Optimal solver was not successful the second time
2025-04-02 11:46:33,073 - root - INFO - Retrying conflict { position 34 [12, 76] (48, 30) } for the 1 time
2025-04-02 11:46:33,073 - root - INFO - Created subproblem instance for conflict { position 34 [12, 76] (48, 30) }
2025-04-02 11:46:33,166 - root - INFO - Optimal solver was successful
2025-04-02 11:46:33,199 - root - INFO - Created subproblem instance for conflict { position 38 [5, 32] (96, 33) }
2025-04-02 11:46:33,275 - root - INFO - Optimal solver was not successful the first time
2025-04-02 11:46:33,342 - root - INFO - Optimal solver was not successful the second time
2025-04-02 11:46:33,342 - root - INFO - Retrying conflict { position 38 [5, 32] (96, 33) } for the 1 time
2025-04-02 11:46:33,342 - root - INFO - Created subproblem instance for conflict { position 38 [5, 32] (96, 33) }
2025-04-02 11:46:33,431 - root - INFO - Optimal solver was successful
2025-04-02 11:46:33,479 - root - INFO - Created subproblem instance for conflict { edge 45 [45, 68] ((36, 30), (36, 31)) }
2025-04-02 11:46:33,554 - root - INFO - Optimal solver was not successful the first time
2025-04-02 11:46:33,613 - root - INFO - Optimal solver was not successful the second time
2025-04-02 11:46:33,613 - root - INFO - Retrying conflict { edge 45 [45, 68] ((36, 30), (36, 31)) } for the 1 time
2025-04-02 11:46:33,614 - root - INFO - Created subproblem instance for conflict { edge 45 [45, 68] ((36, 30), (36, 31)) }
2025-04-02 11:46:33,693 - root - INFO - Optimal solver was not successful the first time
2025-04-02 11:46:33,767 - root - INFO - Optimal solver was not successful the second time
2025-04-02 11:46:33,767 - root - INFO - Created subproblem instance for conflict { position 48 [16, 47] (144, 54) }
2025-04-02 11:46:33,830 - root - INFO - Optimal solver was not successful the first time
2025-04-02 11:46:33,915 - root - INFO - Optimal solver was not successful the second time
2025-04-02 11:46:33,915 - root - INFO - Retrying conflict { position 48 [16, 47] (144, 54) } for the 1 time
2025-04-02 11:46:33,915 - root - INFO - Created subproblem instance for conflict { position 48 [16, 47] (144, 54) }
2025-04-02 11:46:33,998 - root - INFO - Optimal solver was not successful the first time
2025-04-02 11:46:34,089 - root - INFO - Optimal solver was not successful the second time
2025-04-02 11:46:34,089 - root - INFO - Created subproblem instance for conflict { position 50 [28, 36] (72, 10) }
2025-04-02 11:46:34,196 - root - INFO - Optimal solver was not successful the first time
2025-04-02 11:46:34,266 - root - INFO - Optimal solver was not successful the second time
2025-04-02 11:46:34,266 - root - INFO - Retrying conflict { position 50 [28, 36] (72, 10) } for the 1 time
2025-04-02 11:46:34,266 - root - INFO - Created subproblem instance for conflict { position 50 [28, 36] (72, 10) }
2025-04-02 11:46:34,342 - root - INFO - Optimal solver was successful
2025-04-02 11:46:34,383 - root - INFO - Retrying conflict { edge 45 [45, 68] ((36, 30), (36, 31)) } for the 2 time
2025-04-02 11:46:34,384 - root - INFO - Created subproblem instance for conflict { edge 45 [45, 68] ((36, 30), (36, 31)) }
2025-04-02 11:46:34,460 - root - INFO - Optimal solver was successful
2025-04-02 11:46:34,505 - root - INFO - Retrying conflict { position 48 [16, 47] (144, 54) } for the 2 time
2025-04-02 11:46:34,505 - root - INFO - Created subproblem instance for conflict { position 48 [16, 47] (144, 54) }
2025-04-02 11:46:34,607 - root - INFO - Optimal solver was successful
2025-04-02 11:46:34,645 - root - INFO - Created subproblem instance for conflict { position 54 [78, 97] (12, 26) }
2025-04-02 11:46:34,721 - root - INFO - Optimal solver was not successful the first time
2025-04-02 11:46:34,798 - root - INFO - Optimal solver was not successful the second time
2025-04-02 11:46:34,798 - root - INFO - Retrying conflict { position 54 [78, 97] (12, 26) } for the 1 time
2025-04-02 11:46:34,799 - root - INFO - Created subproblem instance for conflict { position 54 [78, 97] (12, 26) }
2025-04-02 11:46:34,900 - root - INFO - Optimal solver was successful
2025-04-02 11:46:34,934 - root - INFO - Created subproblem instance for conflict { edge 65 [12, 76] ((37, 33), (37, 34)) }
2025-04-02 11:46:35,008 - root - INFO - Optimal solver was not successful the first time
2025-04-02 11:46:35,075 - root - INFO - Optimal solver was not successful the second time
2025-04-02 11:46:35,075 - root - INFO - Retrying conflict { edge 65 [12, 76] ((37, 33), (37, 34)) } for the 1 time
2025-04-02 11:46:35,076 - root - INFO - Created subproblem instance for conflict { edge 65 [12, 76] ((37, 33), (37, 34)) }
2025-04-02 11:46:35,166 - root - INFO - Optimal solver was successful
2025-04-02 11:46:35,201 - root - INFO - Created subproblem instance for conflict { edge 71 [48, 50] ((147, 27), (147, 28)) }
2025-04-02 11:46:35,336 - root - INFO - Optimal solver was not successful the first time
2025-04-02 11:46:35,401 - root - INFO - Optimal solver was not successful the second time
2025-04-02 11:46:35,401 - root - INFO - Retrying conflict { edge 71 [48, 50] ((147, 27), (147, 28)) } for the 1 time
2025-04-02 11:46:35,402 - root - INFO - Created subproblem instance for conflict { edge 71 [48, 50] ((147, 27), (147, 28)) }
2025-04-02 11:46:35,493 - root - INFO - Optimal solver was successful
2025-04-02 11:46:35,543 - root - INFO - Created subproblem instance for conflict { position 76 [61, 88] (37, 30) }
2025-04-02 11:46:35,620 - root - INFO - Optimal solver was not successful the first time
2025-04-02 11:46:35,681 - root - INFO - Optimal solver was not successful the second time
2025-04-02 11:46:35,681 - root - INFO - Retrying conflict { position 76 [61, 88] (37, 30) } for the 1 time
2025-04-02 11:46:35,682 - root - INFO - Created subproblem instance for conflict { position 76 [61, 88] (37, 30) }
2025-04-02 11:46:35,757 - root - INFO - Optimal solver was successful
2025-04-02 11:46:35,794 - root - INFO - Created subproblem instance for conflict { position 80 [13, 64] (60, 18) }
2025-04-02 11:46:35,854 - root - INFO - Optimal solver was not successful the first time
2025-04-02 11:46:35,926 - root - INFO - Optimal solver was not successful the second time
2025-04-02 11:46:35,926 - root - INFO - Retrying conflict { position 80 [13, 64] (60, 18) } for the 1 time
2025-04-02 11:46:35,926 - root - INFO - Created subproblem instance for conflict { position 80 [13, 64] (60, 18) }
2025-04-02 11:46:35,988 - root - INFO - Optimal solver was successful
2025-04-02 11:46:36,030 - root - INFO - Created subproblem instance for conflict { position 82 [29, 43] (46, 41) }
2025-04-02 11:46:36,105 - root - INFO - Optimal solver was not successful the first time
2025-04-02 11:46:36,190 - root - INFO - Optimal solver was not successful the second time
2025-04-02 11:46:36,190 - root - INFO - Retrying conflict { position 82 [29, 43] (46, 41) } for the 1 time
2025-04-02 11:46:36,190 - root - INFO - Created subproblem instance for conflict { position 82 [29, 43] (46, 41) }
2025-04-02 11:46:36,289 - root - INFO - Optimal solver was successful
2025-04-02 11:46:36,329 - root - INFO - Created subproblem instance for conflict { position 84 [26, 55] (60, 9) }
2025-04-02 11:46:36,392 - root - INFO - Optimal solver was not successful the first time
2025-04-02 11:46:36,450 - root - INFO - Optimal solver was not successful the second time
2025-04-02 11:46:36,450 - root - INFO - Retrying conflict { position 84 [26, 55] (60, 9) } for the 1 time
2025-04-02 11:46:36,451 - root - INFO - Created subproblem instance for conflict { position 84 [26, 55] (60, 9) }
2025-04-02 11:46:36,509 - root - INFO - Optimal solver was successful
2025-04-02 11:46:36,545 - root - INFO - Created subproblem instance for conflict { edge 87 [42, 82] ((72, 40), (72, 41)) }
2025-04-02 11:46:36,621 - root - INFO - Optimal solver was not successful the first time
2025-04-02 11:46:36,678 - root - INFO - Optimal solver was not successful the second time
2025-04-02 11:46:36,678 - root - INFO - Retrying conflict { edge 87 [42, 82] ((72, 40), (72, 41)) } for the 1 time
2025-04-02 11:46:36,679 - root - INFO - Created subproblem instance for conflict { edge 87 [42, 82] ((72, 40), (72, 41)) }
2025-04-02 11:46:36,751 - root - INFO - Optimal solver was not successful the first time
2025-04-02 11:46:36,816 - root - INFO - Optimal solver was not successful the second time
2025-04-02 11:46:36,817 - root - INFO - Created subproblem instance for conflict { position 92 [18, 51] (123, 38) }
2025-04-02 11:46:36,881 - root - INFO - Optimal solver was not successful the first time
2025-04-02 11:46:36,951 - root - INFO - Optimal solver was not successful the second time
2025-04-02 11:46:36,951 - root - INFO - Retrying conflict { position 92 [18, 51] (123, 38) } for the 1 time
2025-04-02 11:46:36,951 - root - INFO - Created subproblem instance for conflict { position 92 [18, 51] (123, 38) }
2025-04-02 11:46:37,023 - root - INFO - Optimal solver was not successful the first time
2025-04-02 11:46:37,079 - root - INFO - Optimal solver was not successful the second time
2025-04-02 11:46:37,080 - root - INFO - Created subproblem instance for conflict { edge 99 [26, 56] ((53, 9), (54, 9)) }
2025-04-02 11:46:37,142 - root - INFO - Optimal solver was not successful the first time
2025-04-02 11:46:37,209 - root - INFO - Optimal solver was not successful the second time
2025-04-02 11:46:37,209 - root - INFO - Retrying conflict { edge 99 [26, 56] ((53, 9), (54, 9)) } for the 1 time
2025-04-02 11:46:37,209 - root - INFO - Created subproblem instance for conflict { edge 99 [26, 56] ((53, 9), (54, 9)) }
2025-04-02 11:46:37,263 - root - INFO - Optimal solver was not successful the first time
2025-04-02 11:46:37,331 - root - INFO - Optimal solver was not successful the second time
2025-04-02 11:46:37,332 - root - INFO - Created subproblem instance for conflict { position 100 [29, 34] (54, 41) }
2025-04-02 11:46:37,416 - root - INFO - Optimal solver was not successful the first time
2025-04-02 11:46:37,478 - root - INFO - Optimal solver was not successful the second time
2025-04-02 11:46:37,478 - root - INFO - Retrying conflict { position 100 [29, 34] (54, 41) } for the 1 time
2025-04-02 11:46:37,478 - root - INFO - Created subproblem instance for conflict { position 100 [29, 34] (54, 41) }
2025-04-02 11:46:37,543 - root - INFO - Optimal solver was not successful the first time
2025-04-02 11:46:37,602 - root - INFO - Optimal solver was not successful the second time
2025-04-02 11:46:37,602 - root - INFO - Created subproblem instance for conflict { edge 103 [39, 63] ((98, 65), (99, 65)) }
2025-04-02 11:46:37,676 - root - INFO - Optimal solver was not successful the first time
2025-04-02 11:46:37,737 - root - INFO - Optimal solver was not successful the second time
2025-04-02 11:46:37,738 - root - INFO - Retrying conflict { edge 103 [39, 63] ((98, 65), (99, 65)) } for the 1 time
2025-04-02 11:46:37,738 - root - INFO - Created subproblem instance for conflict { edge 103 [39, 63] ((98, 65), (99, 65)) }
2025-04-02 11:46:37,822 - root - INFO - Optimal solver was not successful the first time
2025-04-02 11:46:37,880 - root - INFO - Optimal solver was not successful the second time
2025-04-02 11:46:37,880 - root - INFO - Created subproblem instance for conflict { position 104 [10, 13] (63, 26) }
2025-04-02 11:46:37,976 - root - INFO - Optimal solver was not successful the first time
2025-04-02 11:46:38,052 - root - INFO - Optimal solver was not successful the second time
2025-04-02 11:46:38,052 - root - INFO - Retrying conflict { position 104 [10, 13] (63, 26) } for the 1 time
2025-04-02 11:46:38,053 - root - INFO - Created subproblem instance for conflict { position 104 [10, 13] (63, 26) }
2025-04-02 11:46:38,158 - root - INFO - Optimal solver was successful
2025-04-02 11:46:38,209 - root - INFO - Retrying conflict { edge 87 [42, 82] ((72, 40), (72, 41)) } for the 2 time
2025-04-02 11:46:38,209 - root - INFO - Created subproblem instance for conflict { edge 87 [42, 82] ((72, 40), (72, 41)) }
2025-04-02 11:46:38,302 - root - INFO - Optimal solver was successful
2025-04-02 11:46:38,346 - root - INFO - Retrying conflict { position 92 [18, 51] (123, 38) } for the 2 time
2025-04-02 11:46:38,347 - root - INFO - Created subproblem instance for conflict { position 92 [18, 51] (123, 38) }
2025-04-02 11:46:38,423 - root - INFO - Optimal solver was successful
2025-04-02 11:46:38,470 - root - INFO - Retrying conflict { edge 99 [26, 56] ((53, 9), (54, 9)) } for the 2 time
2025-04-02 11:46:38,471 - root - INFO - Created subproblem instance for conflict { edge 99 [26, 56] ((53, 9), (54, 9)) }
2025-04-02 11:46:38,530 - root - INFO - Optimal solver was successful
2025-04-02 11:46:38,578 - root - INFO - Retrying conflict { position 100 [29, 34] (54, 41) } for the 2 time
2025-04-02 11:46:38,579 - root - INFO - Created subproblem instance for conflict { position 100 [29, 34] (54, 41) }
2025-04-02 11:46:38,640 - root - INFO - Optimal solver was successful
2025-04-02 11:46:38,679 - root - INFO - Retrying conflict { edge 103 [39, 63] ((98, 65), (99, 65)) } for the 2 time
2025-04-02 11:46:38,680 - root - INFO - Created subproblem instance for conflict { edge 103 [39, 63] ((98, 65), (99, 65)) }
2025-04-02 11:46:38,755 - root - INFO - Optimal solver was successful
2025-04-02 11:46:38,794 - root - INFO - Created subproblem instance for conflict { position 106 [28, 87] (48, 13) }
2025-04-02 11:46:38,861 - root - INFO - Optimal solver was not successful the first time
2025-04-02 11:46:38,917 - root - INFO - Optimal solver was not successful the second time
2025-04-02 11:46:38,917 - root - INFO - Retrying conflict { position 106 [28, 87] (48, 13) } for the 1 time
2025-04-02 11:46:38,918 - root - INFO - Created subproblem instance for conflict { position 106 [28, 87] (48, 13) }
2025-04-02 11:46:38,981 - root - INFO - Optimal solver was successful
2025-04-02 11:46:39,020 - root - INFO - Created subproblem instance for conflict { position 108 [18, 79] (121, 41) }
2025-04-02 11:46:39,093 - root - INFO - Optimal solver was not successful the first time
2025-04-02 11:46:39,163 - root - INFO - Optimal solver was not successful the second time
2025-04-02 11:46:39,163 - root - INFO - Retrying conflict { position 108 [18, 79] (121, 41) } for the 1 time
2025-04-02 11:46:39,164 - root - INFO - Created subproblem instance for conflict { position 108 [18, 79] (121, 41) }
2025-04-02 11:46:39,236 - root - INFO - Optimal solver was successful
2025-04-02 11:46:39,283 - root - INFO - Created subproblem instance for conflict { position 108 [24, 25] (87, 29) }
2025-04-02 11:46:39,349 - root - INFO - Optimal solver was not successful the first time
2025-04-02 11:46:39,417 - root - INFO - Optimal solver was not successful the second time
2025-04-02 11:46:39,417 - root - INFO - Retrying conflict { position 108 [24, 25] (87, 29) } for the 1 time
2025-04-02 11:46:39,417 - root - INFO - Created subproblem instance for conflict { position 108 [24, 25] (87, 29) }
2025-04-02 11:46:39,497 - root - INFO - Optimal solver was not successful the first time
2025-04-02 11:46:39,575 - root - INFO - Optimal solver was not successful the second time
2025-04-02 11:46:39,575 - root - INFO - Created subproblem instance for conflict { position 108 [61, 88] (49, 33) }
2025-04-02 11:46:39,631 - root - INFO - Optimal solver was not successful the first time
2025-04-02 11:46:39,688 - root - INFO - Optimal solver was not successful the second time
2025-04-02 11:46:39,688 - root - INFO - Retrying conflict { position 108 [61, 88] (49, 33) } for the 1 time
2025-04-02 11:46:39,688 - root - INFO - Created subproblem instance for conflict { position 108 [61, 88] (49, 33) }
2025-04-02 11:46:39,763 - root - INFO - Optimal solver was successful
2025-04-02 11:46:39,819 - root - INFO - Retrying conflict { position 108 [24, 25] (87, 29) } for the 2 time
2025-04-02 11:46:39,819 - root - INFO - Created subproblem instance for conflict { position 108 [24, 25] (87, 29) }
2025-04-02 11:46:39,894 - root - INFO - Optimal solver was successful
2025-04-02 11:46:39,947 - root - INFO - Created subproblem instance for conflict { position 112 [59, 71] (144, 10) }
2025-04-02 11:46:40,007 - root - INFO - Optimal solver was not successful the first time
2025-04-02 11:46:40,077 - root - INFO - Optimal solver was not successful the second time
2025-04-02 11:46:40,077 - root - INFO - Retrying conflict { position 112 [59, 71] (144, 10) } for the 1 time
2025-04-02 11:46:40,077 - root - INFO - Created subproblem instance for conflict { position 112 [59, 71] (144, 10) }
2025-04-02 11:46:40,138 - root - INFO - Optimal solver was successful
2025-04-02 11:46:40,179 - root - INFO - Created subproblem instance for conflict { position 116 [19, 36] (100, 14) }
2025-04-02 11:46:40,256 - root - INFO - Optimal solver was not successful the first time
2025-04-02 11:46:40,324 - root - INFO - Optimal solver was not successful the second time
2025-04-02 11:46:40,324 - root - INFO - Retrying conflict { position 116 [19, 36] (100, 14) } for the 1 time
2025-04-02 11:46:40,324 - root - INFO - Created subproblem instance for conflict { position 116 [19, 36] (100, 14) }
2025-04-02 11:46:40,398 - root - INFO - Optimal solver was successful
2025-04-02 11:46:40,459 - root - INFO - Created subproblem instance for conflict { position 118 [16, 83] (116, 58) }
2025-04-02 11:46:40,525 - root - INFO - Optimal solver was not successful the first time
2025-04-02 11:46:40,592 - root - INFO - Optimal solver was not successful the second time
2025-04-02 11:46:40,592 - root - INFO - Retrying conflict { position 118 [16, 83] (116, 58) } for the 1 time
2025-04-02 11:46:40,592 - root - INFO - Created subproblem instance for conflict { position 118 [16, 83] (116, 58) }
2025-04-02 11:46:40,659 - root - INFO - Optimal solver was not successful the first time
2025-04-02 11:46:40,724 - root - INFO - Optimal solver was not successful the second time
2025-04-02 11:46:40,724 - root - INFO - Created subproblem instance for conflict { position 122 [32, 61] (55, 33) }
2025-04-02 11:46:40,777 - root - INFO - Optimal solver was not successful the first time
2025-04-02 11:46:40,832 - root - INFO - Optimal solver was not successful the second time
2025-04-02 11:46:40,832 - root - INFO - Retrying conflict { position 122 [32, 61] (55, 33) } for the 1 time
2025-04-02 11:46:40,832 - root - INFO - Created subproblem instance for conflict { position 122 [32, 61] (55, 33) }
2025-04-02 11:46:40,898 - root - INFO - Optimal solver was not successful the first time
2025-04-02 11:46:40,963 - root - INFO - Optimal solver was not successful the second time
2025-04-02 11:46:40,963 - root - INFO - Created subproblem instance for conflict { position 122 [34, 88] (49, 39) }
2025-04-02 11:46:41,043 - root - INFO - Optimal solver was not successful the first time
2025-04-02 11:46:41,114 - root - INFO - Optimal solver was not successful the second time
2025-04-02 11:46:41,114 - root - INFO - Retrying conflict { position 122 [34, 88] (49, 39) } for the 1 time
2025-04-02 11:46:41,115 - root - INFO - Created subproblem instance for conflict { position 122 [34, 88] (49, 39) }
2025-04-02 11:46:41,201 - root - INFO - Optimal solver was successful
2025-04-02 11:46:41,262 - root - INFO - Retrying conflict { position 118 [16, 83] (116, 58) } for the 2 time
2025-04-02 11:46:41,263 - root - INFO - Created subproblem instance for conflict { position 118 [16, 83] (116, 58) }
2025-04-02 11:46:41,336 - root - INFO - Optimal solver was successful
2025-04-02 11:46:41,382 - root - INFO - Retrying conflict { position 122 [32, 61] (55, 33) } for the 2 time
2025-04-02 11:46:41,383 - root - INFO - Created subproblem instance for conflict { position 122 [32, 61] (55, 33) }
2025-04-02 11:46:41,446 - root - INFO - Optimal solver was successful
2025-04-02 11:46:41,487 - root - INFO - Created subproblem instance for conflict { position 124 [41, 70] (61, 34) }
2025-04-02 11:46:41,591 - root - INFO - Optimal solver was not successful the first time
2025-04-02 11:46:41,667 - root - INFO - Optimal solver was not successful the second time
2025-04-02 11:46:41,667 - root - INFO - Retrying conflict { position 124 [41, 70] (61, 34) } for the 1 time
2025-04-02 11:46:41,667 - root - INFO - Created subproblem instance for conflict { position 124 [41, 70] (61, 34) }
2025-04-02 11:46:41,738 - root - INFO - Optimal solver was successful
2025-04-02 11:46:41,784 - root - INFO - Created subproblem instance for conflict { edge 127 [17, 80] ((90, 74), (91, 74)) }
2025-04-02 11:46:41,847 - root - INFO - Optimal solver was not successful the first time
2025-04-02 11:46:41,902 - root - INFO - Optimal solver was not successful the second time
2025-04-02 11:46:41,903 - root - INFO - Retrying conflict { edge 127 [17, 80] ((90, 74), (91, 74)) } for the 1 time
2025-04-02 11:46:41,903 - root - INFO - Created subproblem instance for conflict { edge 127 [17, 80] ((90, 74), (91, 74)) }
2025-04-02 11:46:41,981 - root - INFO - Optimal solver was not successful the first time
2025-04-02 11:46:42,056 - root - INFO - Optimal solver was not successful the second time
2025-04-02 11:46:42,057 - root - INFO - Created subproblem instance for conflict { position 128 [2, 44] (57, 82) }
2025-04-02 11:46:42,129 - root - INFO - Optimal solver was not successful the first time
2025-04-02 11:46:42,202 - root - INFO - Optimal solver was not successful the second time
2025-04-02 11:46:42,202 - root - INFO - Retrying conflict { position 128 [2, 44] (57, 82) } for the 1 time
2025-04-02 11:46:42,204 - root - INFO - Created subproblem instance for conflict { position 128 [2, 44] (57, 82) }
2025-04-02 11:46:42,278 - root - INFO - Optimal solver was successful
2025-04-02 11:46:42,321 - root - INFO - Retrying conflict { edge 127 [17, 80] ((90, 74), (91, 74)) } for the 2 time
2025-04-02 11:46:42,322 - root - INFO - Created subproblem instance for conflict { edge 127 [17, 80] ((90, 74), (91, 74)) }
2025-04-02 11:46:42,382 - root - INFO - Optimal solver was successful
2025-04-02 11:46:42,453 - root - INFO - Created subproblem instance for conflict { edge 131 [5, 96] ((63, 46), (64, 46)) }
2025-04-02 11:46:42,532 - root - INFO - Optimal solver was not successful the first time
2025-04-02 11:46:42,594 - root - INFO - Optimal solver was not successful the second time
2025-04-02 11:46:42,594 - root - INFO - Retrying conflict { edge 131 [5, 96] ((63, 46), (64, 46)) } for the 1 time
2025-04-02 11:46:42,594 - root - INFO - Created subproblem instance for conflict { edge 131 [5, 96] ((63, 46), (64, 46)) }
2025-04-02 11:46:42,659 - root - INFO - Optimal solver was not successful the first time
2025-04-02 11:46:42,720 - root - INFO - Optimal solver was not successful the second time
2025-04-02 11:46:42,721 - root - INFO - Created subproblem instance for conflict { position 132 [13, 67] (72, 30) }
2025-04-02 11:46:42,782 - root - INFO - Optimal solver was not successful the first time
2025-04-02 11:46:42,853 - root - INFO - Optimal solver was not successful the second time
2025-04-02 11:46:42,853 - root - INFO - Retrying conflict { position 132 [13, 67] (72, 30) } for the 1 time
2025-04-02 11:46:42,854 - root - INFO - Created subproblem instance for conflict { position 132 [13, 67] (72, 30) }
2025-04-02 11:46:42,923 - root - INFO - Optimal solver was successful
2025-04-02 11:46:42,986 - root - INFO - Retrying conflict { edge 131 [5, 96] ((63, 46), (64, 46)) } for the 2 time
2025-04-02 11:46:42,987 - root - INFO - Created subproblem instance for conflict { edge 131 [5, 96] ((63, 46), (64, 46)) }
2025-04-02 11:46:43,060 - root - INFO - Optimal solver was successful
2025-04-02 11:46:43,106 - root - INFO - Created subproblem instance for conflict { position 134 [41, 95] (65, 34) }
2025-04-02 11:46:43,176 - root - INFO - Optimal solver was successful
2025-04-02 11:46:43,230 - root - INFO - Created subproblem instance for conflict { position 134 [58, 85] (100, 66) }
2025-04-02 11:46:43,298 - root - INFO - Optimal solver was not successful the first time
2025-04-02 11:46:43,364 - root - INFO - Optimal solver was not successful the second time
2025-04-02 11:46:43,364 - root - INFO - Retrying conflict { position 134 [58, 85] (100, 66) } for the 1 time
2025-04-02 11:46:43,365 - root - INFO - Created subproblem instance for conflict { position 134 [58, 85] (100, 66) }
2025-04-02 11:46:43,432 - root - INFO - Optimal solver was not successful the first time
2025-04-02 11:46:43,498 - root - INFO - Optimal solver was not successful the second time
2025-04-02 11:46:43,498 - root - INFO - Created subproblem instance for conflict { position 136 [15, 76] (36, 46) }
2025-04-02 11:46:43,566 - root - INFO - Optimal solver was not successful the first time
2025-04-02 11:46:43,622 - root - INFO - Optimal solver was not successful the second time
2025-04-02 11:46:43,622 - root - INFO - Retrying conflict { position 136 [15, 76] (36, 46) } for the 1 time
2025-04-02 11:46:43,622 - root - INFO - Created subproblem instance for conflict { position 136 [15, 76] (36, 46) }
2025-04-02 11:46:43,684 - root - INFO - Optimal solver was successful
2025-04-02 11:46:43,779 - root - INFO - Retrying conflict { position 134 [58, 85] (100, 66) } for the 2 time
2025-04-02 11:46:43,779 - root - INFO - Created subproblem instance for conflict { position 134 [58, 85] (100, 66) }
2025-04-02 11:46:43,861 - root - INFO - Optimal solver was successful
2025-04-02 11:46:43,911 - root - INFO - Created subproblem instance for conflict { position 140 [8, 79] (109, 38) }
2025-04-02 11:46:43,993 - root - INFO - Optimal solver was not successful the first time
2025-04-02 11:46:44,070 - root - INFO - Optimal solver was not successful the second time
2025-04-02 11:46:44,070 - root - INFO - Retrying conflict { position 140 [8, 79] (109, 38) } for the 1 time
2025-04-02 11:46:44,070 - root - INFO - Created subproblem instance for conflict { position 140 [8, 79] (109, 38) }
2025-04-02 11:46:44,174 - root - INFO - Optimal solver was successful
2025-04-02 11:46:44,249 - root - INFO - Created subproblem instance for conflict { position 168 [25, 95] (65, 34) }
2025-04-02 11:46:44,315 - root - INFO - Optimal solver was not successful the first time
2025-04-02 11:46:44,369 - root - INFO - Optimal solver was not successful the second time
2025-04-02 11:46:44,369 - root - INFO - Retrying conflict { position 168 [25, 95] (65, 34) } for the 1 time
2025-04-02 11:46:44,370 - root - INFO - Created subproblem instance for conflict { position 168 [25, 95] (65, 34) }
2025-04-02 11:46:44,429 - root - INFO - Optimal solver was successful
2025-04-02 11:46:44,509 - root - INFO - Created subproblem instance for conflict { position 172 [15, 68] (36, 63) }
2025-04-02 11:46:44,585 - root - INFO - Optimal solver was not successful the first time
2025-04-02 11:46:44,645 - root - INFO - Optimal solver was not successful the second time
2025-04-02 11:46:44,645 - root - INFO - Retrying conflict { position 172 [15, 68] (36, 63) } for the 1 time
2025-04-02 11:46:44,646 - root - INFO - Created subproblem instance for conflict { position 172 [15, 68] (36, 63) }
2025-04-02 11:46:44,715 - root - INFO - Optimal solver was successful
2025-04-02 11:46:44,765 - root - INFO - Created subproblem instance for conflict { position 188 [12, 14] (22, 45) }
2025-04-02 11:46:44,824 - root - INFO - Optimal solver was not successful the first time
2025-04-02 11:46:44,885 - root - INFO - Optimal solver was not successful the second time
2025-04-02 11:46:44,885 - root - INFO - Retrying conflict { position 188 [12, 14] (22, 45) } for the 1 time
2025-04-02 11:46:44,885 - root - INFO - Created subproblem instance for conflict { position 188 [12, 14] (22, 45) }
2025-04-02 11:46:44,960 - root - INFO - Optimal solver was successful
2025-04-02 11:46:45,033 - root - INFO - Created subproblem instance for conflict { position 190 [16, 82] (83, 58) }
2025-04-02 11:46:45,127 - root - INFO - Optimal solver was not successful the first time
2025-04-02 11:46:45,183 - root - INFO - Optimal solver was not successful the second time
2025-04-02 11:46:45,183 - root - INFO - Retrying conflict { position 190 [16, 82] (83, 58) } for the 1 time
2025-04-02 11:46:45,184 - root - INFO - Created subproblem instance for conflict { position 190 [16, 82] (83, 58) }
2025-04-02 11:46:45,257 - root - INFO - Optimal solver was successful
2025-04-02 11:46:45,312 - root - INFO - Created subproblem instance for conflict { position 190 [37, 77] (73, 1) }
2025-04-02 11:46:45,371 - root - INFO - Optimal solver was not successful the first time
2025-04-02 11:46:45,429 - root - INFO - Optimal solver was not successful the second time
2025-04-02 11:46:45,429 - root - INFO - Retrying conflict { position 190 [37, 77] (73, 1) } for the 1 time
2025-04-02 11:46:45,429 - root - INFO - Created subproblem instance for conflict { position 190 [37, 77] (73, 1) }
2025-04-02 11:46:45,492 - root - INFO - Optimal solver was successful
2025-04-02 11:46:45,549 - root - INFO - Created subproblem instance for conflict { position 192 [5, 76] (36, 46) }
2025-04-02 11:46:45,618 - root - INFO - Optimal solver was not successful the first time
2025-04-02 11:46:45,678 - root - INFO - Optimal solver was not successful the second time
2025-04-02 11:46:45,678 - root - INFO - Retrying conflict { position 192 [5, 76] (36, 46) } for the 1 time
2025-04-02 11:46:45,679 - root - INFO - Created subproblem instance for conflict { position 192 [5, 76] (36, 46) }
2025-04-02 11:46:45,738 - root - INFO - Optimal solver was successful
2025-04-02 11:46:45,793 - root - INFO - Created subproblem instance for conflict { position 192 [24, 65] (126, 29) }
2025-04-02 11:46:45,856 - root - INFO - Optimal solver was not successful the first time
2025-04-02 11:46:45,919 - root - INFO - Optimal solver was not successful the second time
2025-04-02 11:46:45,920 - root - INFO - Retrying conflict { position 192 [24, 65] (126, 29) } for the 1 time
2025-04-02 11:46:45,920 - root - INFO - Created subproblem instance for conflict { position 192 [24, 65] (126, 29) }
2025-04-02 11:46:45,998 - root - INFO - Optimal solver was successful
2025-04-02 11:46:46,068 - root - INFO - Created subproblem instance for conflict { position 198 [11, 38] (94, 69) }
2025-04-02 11:46:46,150 - root - INFO - Optimal solver was not successful the first time
2025-04-02 11:46:46,215 - root - INFO - Optimal solver was not successful the second time
2025-04-02 11:46:46,215 - root - INFO - Retrying conflict { position 198 [11, 38] (94, 69) } for the 1 time
2025-04-02 11:46:46,215 - root - INFO - Created subproblem instance for conflict { position 198 [11, 38] (94, 69) }
2025-04-02 11:46:46,286 - root - INFO - Optimal solver was not successful the first time
2025-04-02 11:46:46,371 - root - INFO - Optimal solver was not successful the second time
2025-04-02 11:46:46,372 - root - INFO - Created subproblem instance for conflict { position 200 [64, 99] (60, 18) }
2025-04-02 11:46:46,436 - root - INFO - Optimal solver was not successful the first time
2025-04-02 11:46:46,500 - root - INFO - Optimal solver was not successful the second time
2025-04-02 11:46:46,500 - root - INFO - Retrying conflict { position 200 [64, 99] (60, 18) } for the 1 time
2025-04-02 11:46:46,500 - root - INFO - Created subproblem instance for conflict { position 200 [64, 99] (60, 18) }
2025-04-02 11:46:46,557 - root - INFO - Optimal solver was successful
2025-04-02 11:46:46,615 - root - INFO - Retrying conflict { position 198 [11, 38] (94, 69) } for the 2 time
2025-04-02 11:46:46,616 - root - INFO - Created subproblem instance for conflict { position 198 [11, 38] (94, 69) }
2025-04-02 11:46:46,733 - root - INFO - Optimal solver was successful
2025-04-02 11:46:46,793 - root - INFO - Created subproblem instance for conflict { position 204 [30, 89] (90, 6) }
2025-04-02 11:46:46,868 - root - INFO - Optimal solver was not successful the first time
2025-04-02 11:46:46,933 - root - INFO - Optimal solver was not successful the second time
2025-04-02 11:46:46,934 - root - INFO - Retrying conflict { position 204 [30, 89] (90, 6) } for the 1 time
2025-04-02 11:46:46,934 - root - INFO - Created subproblem instance for conflict { position 204 [30, 89] (90, 6) }
2025-04-02 11:46:47,001 - root - INFO - Optimal solver was successful
2025-04-02 11:46:47,060 - root - INFO - Created subproblem instance for conflict { position 218 [42, 87] (37, 13) }
2025-04-02 11:46:47,119 - root - INFO - Optimal solver was not successful the first time
2025-04-02 11:46:47,173 - root - INFO - Optimal solver was not successful the second time
2025-04-02 11:46:47,174 - root - INFO - Retrying conflict { position 218 [42, 87] (37, 13) } for the 1 time
2025-04-02 11:46:47,175 - root - INFO - Created subproblem instance for conflict { position 218 [42, 87] (37, 13) }
2025-04-02 11:46:47,244 - root - INFO - Optimal solver was successful
2025-04-02 11:46:47,320 - root - INFO - Created subproblem instance for conflict { position 238 [3, 98] (109, 45) }
2025-04-02 11:46:47,392 - root - INFO - Optimal solver was not successful the first time
2025-04-02 11:46:47,450 - root - INFO - Optimal solver was not successful the second time
2025-04-02 11:46:47,450 - root - INFO - Retrying conflict { position 238 [3, 98] (109, 45) } for the 1 time
2025-04-02 11:46:47,450 - root - INFO - Created subproblem instance for conflict { position 238 [3, 98] (109, 45) }
2025-04-02 11:46:47,533 - root - INFO - Optimal solver was successful
2025-04-02 11:46:47,626 - root - INFO - Created subproblem instance for conflict { position 240 [32, 91] (24, 8) }
2025-04-02 11:46:47,707 - root - INFO - Optimal solver was not successful the first time
2025-04-02 11:46:47,766 - root - INFO - Optimal solver was not successful the second time
2025-04-02 11:46:47,766 - root - INFO - Retrying conflict { position 240 [32, 91] (24, 8) } for the 1 time
2025-04-02 11:46:47,766 - root - INFO - Created subproblem instance for conflict { position 240 [32, 91] (24, 8) }
2025-04-02 11:46:47,833 - root - INFO - Optimal solver was successful
2025-04-02 11:46:47,901 - root - INFO - Created subproblem instance for conflict { position 242 [16, 84] (58, 58) }
2025-04-02 11:46:47,978 - root - INFO - Optimal solver was not successful the first time
2025-04-02 11:46:48,045 - root - INFO - Optimal solver was not successful the second time
2025-04-02 11:46:48,045 - root - INFO - Retrying conflict { position 242 [16, 84] (58, 58) } for the 1 time
2025-04-02 11:46:48,045 - root - INFO - Created subproblem instance for conflict { position 242 [16, 84] (58, 58) }
2025-04-02 11:46:48,106 - root - INFO - Optimal solver was successful
2025-04-02 11:46:48,179 - root - INFO - Created subproblem instance for conflict { position 266 [36, 49] (145, 43) }
2025-04-02 11:46:48,242 - root - INFO - Optimal solver was not successful the first time
2025-04-02 11:46:48,318 - root - INFO - Optimal solver was not successful the second time
2025-04-02 11:46:48,319 - root - INFO - Retrying conflict { position 266 [36, 49] (145, 43) } for the 1 time
2025-04-02 11:46:48,319 - root - INFO - Created subproblem instance for conflict { position 266 [36, 49] (145, 43) }
2025-04-02 11:46:48,387 - root - INFO - Optimal solver was successful
2025-04-02 11:46:48,453 - root - INFO - Created subproblem instance for conflict { position 284 [44, 62] (57, 82) }
2025-04-02 11:46:48,521 - root - INFO - Optimal solver was not successful the first time
2025-04-02 11:46:48,579 - root - INFO - Optimal solver was not successful the second time
2025-04-02 11:46:48,579 - root - INFO - Retrying conflict { position 284 [44, 62] (57, 82) } for the 1 time
2025-04-02 11:46:48,580 - root - INFO - Created subproblem instance for conflict { position 284 [44, 62] (57, 82) }
2025-04-02 11:46:48,649 - root - INFO - Optimal solver was successful
2025-04-02 11:46:48,720 - root - INFO - Created subproblem instance for conflict { position 300 [11, 60] (134, 61) }
2025-04-02 11:46:48,779 - root - INFO - Optimal solver was not successful the first time
2025-04-02 11:46:48,838 - root - INFO - Optimal solver was not successful the second time
2025-04-02 11:46:48,838 - root - INFO - Retrying conflict { position 300 [11, 60] (134, 61) } for the 1 time
2025-04-02 11:46:48,838 - root - INFO - Created subproblem instance for conflict { position 300 [11, 60] (134, 61) }
2025-04-02 11:46:48,916 - root - INFO - Optimal solver was successful
2025-04-02 11:46:49,012 - root - INFO - Created subproblem instance for conflict { position 310 [47, 96] (145, 51) }
2025-04-02 11:46:49,068 - root - INFO - Optimal solver was not successful the first time
2025-04-02 11:46:49,122 - root - INFO - Optimal solver was not successful the second time
2025-04-02 11:46:49,122 - root - INFO - Retrying conflict { position 310 [47, 96] (145, 51) } for the 1 time
2025-04-02 11:46:49,122 - root - INFO - Created subproblem instance for conflict { position 310 [47, 96] (145, 51) }
2025-04-02 11:46:49,188 - root - INFO - Optimal solver was not successful the first time
2025-04-02 11:46:49,249 - root - INFO - Optimal solver was not successful the second time
2025-04-02 11:46:49,250 - root - INFO - Created subproblem instance for conflict { position 316 [7, 96] (148, 51) }
2025-04-02 11:46:49,308 - root - INFO - Optimal solver was not successful the first time
2025-04-02 11:46:49,383 - root - INFO - Optimal solver was not successful the second time
2025-04-02 11:46:49,383 - root - INFO - Retrying conflict { position 316 [7, 96] (148, 51) } for the 1 time
2025-04-02 11:46:49,383 - root - INFO - Created subproblem instance for conflict { position 316 [7, 96] (148, 51) }
2025-04-02 11:46:49,477 - root - INFO - Optimal solver was not successful the first time
2025-04-02 11:46:49,560 - root - INFO - Optimal solver was not successful the second time
2025-04-02 11:46:49,561 - root - INFO - Created subproblem instance for conflict { position 322 [50, 87] (37, 13) }
2025-04-02 11:46:49,635 - root - INFO - Optimal solver was not successful the first time
2025-04-02 11:46:49,698 - root - INFO - Optimal solver was not successful the second time
2025-04-02 11:46:49,698 - root - INFO - Retrying conflict { position 322 [50, 87] (37, 13) } for the 1 time
2025-04-02 11:46:49,698 - root - INFO - Created subproblem instance for conflict { position 322 [50, 87] (37, 13) }
2025-04-02 11:46:49,766 - root - INFO - Optimal solver was successful
2025-04-02 11:46:49,847 - root - INFO - Retrying conflict { position 310 [47, 96] (145, 51) } for the 2 time
2025-04-02 11:46:49,849 - root - INFO - Created subproblem instance for conflict { position 310 [47, 96] (145, 51) }
2025-04-02 11:46:49,914 - root - INFO - Optimal solver was not successful the first time
2025-04-02 11:46:49,969 - root - INFO - Optimal solver was not successful the second time
2025-04-02 11:46:49,969 - root - INFO - Retrying conflict { position 316 [7, 96] (148, 51) } for the 2 time
2025-04-02 11:46:49,970 - root - INFO - Created subproblem instance for conflict { position 316 [7, 96] (148, 51) }
2025-04-02 11:46:50,034 - root - INFO - Optimal solver was not successful the first time
2025-04-02 11:46:50,091 - root - INFO - Optimal solver was not successful the second time
2025-04-02 11:46:50,091 - root - INFO - Created subproblem instance for conflict { position 332 [48, 88] (55, 65) }
2025-04-02 11:46:50,150 - root - INFO - Optimal solver was not successful the first time
2025-04-02 11:46:50,213 - root - INFO - Optimal solver was not successful the second time
2025-04-02 11:46:50,213 - root - INFO - Retrying conflict { position 332 [48, 88] (55, 65) } for the 1 time
2025-04-02 11:46:50,213 - root - INFO - Created subproblem instance for conflict { position 332 [48, 88] (55, 65) }
2025-04-02 11:46:50,269 - root - INFO - Optimal solver was successful
2025-04-02 11:46:50,349 - root - INFO - Retrying conflict { position 310 [47, 96] (145, 51) } for the 3 time
2025-04-02 11:46:50,350 - root - INFO - Created subproblem instance for conflict { position 310 [47, 96] (145, 51) }
2025-04-02 11:46:50,429 - root - INFO - Optimal solver was not successful the first time
2025-04-02 11:46:50,493 - root - INFO - Optimal solver was not successful the second time
2025-04-02 11:46:50,493 - root - INFO - Retrying conflict { position 316 [7, 96] (148, 51) } for the 3 time
2025-04-02 11:46:50,494 - root - INFO - Created subproblem instance for conflict { position 316 [7, 96] (148, 51) }
2025-04-02 11:46:50,554 - root - INFO - Optimal solver was not successful the first time
2025-04-02 11:46:50,631 - root - INFO - Optimal solver was not successful the second time
2025-04-02 11:46:50,631 - root - INFO - Created subproblem instance for conflict { position 336 [58, 81] (27, 41) }
2025-04-02 11:46:50,700 - root - INFO - Optimal solver was not successful the first time
2025-04-02 11:46:50,774 - root - INFO - Optimal solver was not successful the second time
2025-04-02 11:46:50,774 - root - INFO - Retrying conflict { position 336 [58, 81] (27, 41) } for the 1 time
2025-04-02 11:46:50,775 - root - INFO - Created subproblem instance for conflict { position 336 [58, 81] (27, 41) }
2025-04-02 11:46:50,851 - root - INFO - Optimal solver was successful
2025-04-02 11:46:50,923 - root - INFO - Retrying conflict { position 310 [47, 96] (145, 51) } for the 4 time
2025-04-02 11:46:50,925 - root - INFO - Created subproblem instance for conflict { position 310 [47, 96] (145, 51) }
2025-04-02 11:46:51,026 - root - INFO - Optimal solver was not successful the first time
2025-04-02 11:46:51,131 - root - INFO - Optimal solver was not successful the second time
2025-04-02 11:46:51,132 - root - INFO - Retrying conflict { position 316 [7, 96] (148, 51) } for the 4 time
2025-04-02 11:46:51,132 - root - INFO - Created subproblem instance for conflict { position 316 [7, 96] (148, 51) }
2025-04-02 11:46:51,240 - root - INFO - Optimal solver was successful
2025-04-02 11:46:51,320 - root - INFO - Created subproblem instance for conflict { position 338 [0, 41] (145, 57) }
2025-04-02 11:46:51,386 - root - INFO - Optimal solver was not successful the first time
2025-04-02 11:46:51,450 - root - INFO - Optimal solver was not successful the second time
2025-04-02 11:46:51,450 - root - INFO - Retrying conflict { position 338 [0, 41] (145, 57) } for the 1 time
2025-04-02 11:46:51,450 - root - INFO - Created subproblem instance for conflict { position 338 [0, 41] (145, 57) }
2025-04-02 11:46:51,516 - root - INFO - Optimal solver was successful
2025-04-02 11:46:51,596 - root - INFO - Created subproblem instance for conflict { position 338 [15, 74] (26, 66) }
2025-04-02 11:46:51,653 - root - INFO - Optimal solver was not successful the first time
2025-04-02 11:46:51,709 - root - INFO - Optimal solver was not successful the second time
2025-04-02 11:46:51,709 - root - INFO - Retrying conflict { position 338 [15, 74] (26, 66) } for the 1 time
2025-04-02 11:46:51,709 - root - INFO - Created subproblem instance for conflict { position 338 [15, 74] (26, 66) }
2025-04-02 11:46:51,784 - root - INFO - Optimal solver was successful
2025-04-02 11:46:51,856 - root - INFO - Created subproblem instance for conflict { position 362 [28, 39] (7, 30) }
2025-04-02 11:46:51,915 - root - INFO - Optimal solver was not successful the first time
2025-04-02 11:46:51,977 - root - INFO - Optimal solver was not successful the second time
2025-04-02 11:46:51,977 - root - INFO - Retrying conflict { position 362 [28, 39] (7, 30) } for the 1 time
2025-04-02 11:46:51,978 - root - INFO - Created subproblem instance for conflict { position 362 [28, 39] (7, 30) }
2025-04-02 11:46:52,042 - root - INFO - Optimal solver was successful
2025-04-02 11:46:52,115 - root - INFO - Created subproblem instance for conflict { position 394 [15, 48] (26, 66) }
2025-04-02 11:46:52,174 - root - INFO - Optimal solver was not successful the first time
2025-04-02 11:46:52,231 - root - INFO - Optimal solver was not successful the second time
2025-04-02 11:46:52,231 - root - INFO - Retrying conflict { position 394 [15, 48] (26, 66) } for the 1 time
2025-04-02 11:46:52,232 - root - INFO - Created subproblem instance for conflict { position 394 [15, 48] (26, 66) }
2025-04-02 11:46:52,306 - root - INFO - Optimal solver was successful
2025-04-02 11:46:52,394 - __main__ - INFO - Fixing conflicts took 22.894074201583862 seconds
2025-04-02 11:46:52,394 - __main__ - INFO - Total combined solver runtime is 23.491437196731567 seconds
2025-04-02 11:46:52,394 - __main__ - INFO - Number of conflicts at termination: 0
2025-04-02 11:46:52,394 - __main__ - INFO - Number of unsolveable conflicts at termination: 0
2025-04-02 11:46:52,394 - __main__ - INFO - Maximum agent path legnth after optimal solver: 524
2025-04-02 11:46:52,396 - __main__ - INFO - Number of position conflicts post solver: 0
2025-04-02 11:46:52,396 - __main__ - INFO - Number of edge conflicts post solver: 0
2025-04-02 11:46:52,396 - __main__ - INFO - Number of path conflicts post solver: 0
2025-04-02 11:46:52,396 - __main__ - INFO - Number of 'unsolveable' position conflicts post solver: 0
2025-04-02 11:46:52,396 - __main__ - INFO - Number of 'unsolveable' edge conflicts post solver: 0
2025-04-02 11:46:52,396 - __main__ - INFO - Number of 'unsolveable' path conflicts post solver: 0
