2025-04-01 19:18:33,305 - __main__ - INFO - Starting the MAPF solver program
2025-04-01 19:18:33,312 - __main__ - DEBUG - Arguments received: Namespace(scen_file='warehouse-10-20-10-2-2-even-1.scen', number_agents=100, percentage_agents=100, modified_search=True, timeout=900, concise=False)
2025-04-01 19:18:33,312 - __main__ - INFO - Map and agent information loaded.
2025-04-01 19:18:33,312 - __main__ - INFO - Using modified A* for pathfinding.
2025-04-01 19:18:33,876 - __main__ - INFO - Non-optimal solver took 0.5643861293792725 seconds to find initial paths for agents
2025-04-01 19:18:33,918 - __main__ - INFO - Initial conflicts identified: 96
2025-04-01 19:18:33,918 - __main__ - INFO - Initial number of position conflicts: 73
2025-04-01 19:18:33,918 - __main__ - INFO - Initial number of edge conflicts: 23
2025-04-01 19:18:33,918 - __main__ - INFO - Initial number of path conflicts: 0
2025-04-01 19:18:33,918 - __main__ - INFO - Maximum agent path legnth after non-optimal solver: 226
2025-04-01 19:18:33,959 - root - INFO - Created subproblem instance for conflict { position 4 [45, 70] (166, 5) }
2025-04-01 19:18:34,030 - root - INFO - Optimal solver was not successful the first time
2025-04-01 19:18:34,096 - root - INFO - Optimal solver was not successful the second time
2025-04-01 19:18:34,096 - root - INFO - Retrying conflict { position 4 [45, 70] (166, 5) } for the 1 time
2025-04-01 19:18:34,096 - root - INFO - Created subproblem instance for conflict { position 4 [45, 70] (166, 5) }
2025-04-01 19:18:34,158 - root - INFO - Optimal solver was successful
2025-04-01 19:18:34,203 - root - INFO - Created subproblem instance for conflict { edge 5 [32, 63] ((23, 42), (23, 43)) }
2025-04-01 19:18:34,265 - root - INFO - Optimal solver was not successful the first time
2025-04-01 19:18:34,332 - root - INFO - Optimal solver was not successful the second time
2025-04-01 19:18:34,332 - root - INFO - Retrying conflict { edge 5 [32, 63] ((23, 42), (23, 43)) } for the 1 time
2025-04-01 19:18:34,332 - root - INFO - Created subproblem instance for conflict { edge 5 [32, 63] ((23, 42), (23, 43)) }
2025-04-01 19:18:34,390 - root - INFO - Optimal solver was not successful the first time
2025-04-01 19:18:34,453 - root - INFO - Optimal solver was not successful the second time
2025-04-01 19:18:34,453 - root - INFO - Created subproblem instance for conflict { position 12 [20, 89] (97, 21) }
2025-04-01 19:18:34,539 - root - INFO - Optimal solver was not successful the first time
2025-04-01 19:18:34,642 - root - INFO - Optimal solver was not successful the second time
2025-04-01 19:18:34,642 - root - INFO - Retrying conflict { position 12 [20, 89] (97, 21) } for the 1 time
2025-04-01 19:18:34,644 - root - INFO - Created subproblem instance for conflict { position 12 [20, 89] (97, 21) }
2025-04-01 19:18:34,708 - root - INFO - Optimal solver was successful
2025-04-01 19:18:34,760 - root - INFO - Retrying conflict { edge 5 [32, 63] ((23, 42), (23, 43)) } for the 2 time
2025-04-01 19:18:34,760 - root - INFO - Created subproblem instance for conflict { edge 5 [32, 63] ((23, 42), (23, 43)) }
2025-04-01 19:18:34,849 - root - INFO - Optimal solver was successful
2025-04-01 19:18:34,883 - root - INFO - Created subproblem instance for conflict { edge 13 [13, 57] ((56, 13), (57, 13)) }
2025-04-01 19:18:34,948 - root - INFO - Optimal solver was not successful the first time
2025-04-01 19:18:35,021 - root - INFO - Optimal solver was not successful the second time
2025-04-01 19:18:35,021 - root - INFO - Retrying conflict { edge 13 [13, 57] ((56, 13), (57, 13)) } for the 1 time
2025-04-01 19:18:35,021 - root - INFO - Created subproblem instance for conflict { edge 13 [13, 57] ((56, 13), (57, 13)) }
2025-04-01 19:18:35,091 - root - INFO - Optimal solver was not successful the first time
2025-04-01 19:18:35,155 - root - INFO - Optimal solver was not successful the second time
2025-04-01 19:18:35,155 - root - INFO - Created subproblem instance for conflict { position 22 [8, 39] (10, 13) }
2025-04-01 19:18:35,216 - root - INFO - Optimal solver was not successful the first time
2025-04-01 19:18:35,277 - root - INFO - Optimal solver was not successful the second time
2025-04-01 19:18:35,277 - root - INFO - Retrying conflict { position 22 [8, 39] (10, 13) } for the 1 time
2025-04-01 19:18:35,277 - root - INFO - Created subproblem instance for conflict { position 22 [8, 39] (10, 13) }
2025-04-01 19:18:35,351 - root - INFO - Optimal solver was successful
2025-04-01 19:18:35,392 - root - INFO - Retrying conflict { edge 13 [13, 57] ((56, 13), (57, 13)) } for the 2 time
2025-04-01 19:18:35,392 - root - INFO - Created subproblem instance for conflict { edge 13 [13, 57] ((56, 13), (57, 13)) }
2025-04-01 19:18:35,454 - root - INFO - Optimal solver was successful
2025-04-01 19:18:35,508 - root - INFO - Created subproblem instance for conflict { position 24 [53, 92] (159, 68) }
2025-04-01 19:18:35,588 - root - INFO - Optimal solver was not successful the first time
2025-04-01 19:18:35,639 - root - INFO - Optimal solver was not successful the second time
2025-04-01 19:18:35,639 - root - INFO - Retrying conflict { position 24 [53, 92] (159, 68) } for the 1 time
2025-04-01 19:18:35,639 - root - INFO - Created subproblem instance for conflict { position 24 [53, 92] (159, 68) }
2025-04-01 19:18:35,705 - root - INFO - Optimal solver was successful
2025-04-01 19:18:35,747 - root - INFO - Created subproblem instance for conflict { position 28 [17, 42] (19, 68) }
2025-04-01 19:18:35,817 - root - INFO - Optimal solver was not successful the first time
2025-04-01 19:18:35,881 - root - INFO - Optimal solver was not successful the second time
2025-04-01 19:18:35,881 - root - INFO - Retrying conflict { position 28 [17, 42] (19, 68) } for the 1 time
2025-04-01 19:18:35,881 - root - INFO - Created subproblem instance for conflict { position 28 [17, 42] (19, 68) }
2025-04-01 19:18:35,954 - root - INFO - Optimal solver was successful
2025-04-01 19:18:35,996 - root - INFO - Created subproblem instance for conflict { position 32 [3, 30] (36, 39) }
2025-04-01 19:18:36,060 - root - INFO - Optimal solver was not successful the first time
2025-04-01 19:18:36,113 - root - INFO - Optimal solver was not successful the second time
2025-04-01 19:18:36,113 - root - INFO - Retrying conflict { position 32 [3, 30] (36, 39) } for the 1 time
2025-04-01 19:18:36,113 - root - INFO - Created subproblem instance for conflict { position 32 [3, 30] (36, 39) }
2025-04-01 19:18:36,167 - root - INFO - Optimal solver was successful
2025-04-01 19:18:36,209 - root - INFO - Created subproblem instance for conflict { position 34 [19, 22] (18, 60) }
2025-04-01 19:18:36,273 - root - INFO - Optimal solver was not successful the first time
2025-04-01 19:18:36,338 - root - INFO - Optimal solver was not successful the second time
2025-04-01 19:18:36,338 - root - INFO - Retrying conflict { position 34 [19, 22] (18, 60) } for the 1 time
2025-04-01 19:18:36,338 - root - INFO - Created subproblem instance for conflict { position 34 [19, 22] (18, 60) }
2025-04-01 19:18:36,389 - root - INFO - Optimal solver was not successful the first time
2025-04-01 19:18:36,457 - root - INFO - Optimal solver was not successful the second time
2025-04-01 19:18:36,457 - root - INFO - Created subproblem instance for conflict { position 40 [19, 22] (20, 59) }
2025-04-01 19:18:36,517 - root - INFO - Optimal solver was not successful the first time
2025-04-01 19:18:36,582 - root - INFO - Optimal solver was not successful the second time
2025-04-01 19:18:36,582 - root - INFO - Retrying conflict { position 40 [19, 22] (20, 59) } for the 1 time
2025-04-01 19:18:36,583 - root - INFO - Created subproblem instance for conflict { position 40 [19, 22] (20, 59) }
2025-04-01 19:18:36,650 - root - INFO - Optimal solver was not successful the first time
2025-04-01 19:18:36,712 - root - INFO - Optimal solver was not successful the second time
2025-04-01 19:18:36,717 - root - INFO - Created subproblem instance for conflict { edge 43 [36, 72] ((144, 41), (144, 42)) }
2025-04-01 19:18:36,787 - root - INFO - Optimal solver was not successful the first time
2025-04-01 19:18:36,844 - root - INFO - Optimal solver was not successful the second time
2025-04-01 19:18:36,844 - root - INFO - Retrying conflict { edge 43 [36, 72] ((144, 41), (144, 42)) } for the 1 time
2025-04-01 19:18:36,844 - root - INFO - Created subproblem instance for conflict { edge 43 [36, 72] ((144, 41), (144, 42)) }
2025-04-01 19:18:36,902 - root - INFO - Optimal solver was successful
2025-04-01 19:18:36,934 - root - INFO - Retrying conflict { position 34 [19, 22] (18, 60) } for the 2 time
2025-04-01 19:18:36,936 - root - INFO - Created subproblem instance for conflict { position 34 [19, 22] (18, 60) }
2025-04-01 19:18:36,997 - root - INFO - Optimal solver was not successful the first time
2025-04-01 19:18:37,060 - root - INFO - Optimal solver was not successful the second time
2025-04-01 19:18:37,060 - root - INFO - Retrying conflict { position 40 [19, 22] (20, 59) } for the 2 time
2025-04-01 19:18:37,060 - root - INFO - Created subproblem instance for conflict { position 40 [19, 22] (20, 59) }
2025-04-01 19:18:37,120 - root - INFO - Optimal solver was not successful the first time
2025-04-01 19:18:37,179 - root - INFO - Optimal solver was not successful the second time
2025-04-01 19:18:37,179 - root - INFO - Created subproblem instance for conflict { position 56 [62, 80] (119, 78) }
2025-04-01 19:18:37,234 - root - INFO - Optimal solver was not successful the first time
2025-04-01 19:18:37,287 - root - INFO - Optimal solver was not successful the second time
2025-04-01 19:18:37,287 - root - INFO - Retrying conflict { position 56 [62, 80] (119, 78) } for the 1 time
2025-04-01 19:18:37,287 - root - INFO - Created subproblem instance for conflict { position 56 [62, 80] (119, 78) }
2025-04-01 19:18:37,345 - root - INFO - Optimal solver was successful
2025-04-01 19:18:37,383 - root - INFO - Retrying conflict { position 34 [19, 22] (18, 60) } for the 3 time
2025-04-01 19:18:37,384 - root - INFO - Created subproblem instance for conflict { position 34 [19, 22] (18, 60) }
2025-04-01 19:18:37,443 - root - INFO - Optimal solver was not successful the first time
2025-04-01 19:18:37,512 - root - INFO - Optimal solver was not successful the second time
2025-04-01 19:18:37,512 - root - INFO - Retrying conflict { position 40 [19, 22] (20, 59) } for the 3 time
2025-04-01 19:18:37,512 - root - INFO - Created subproblem instance for conflict { position 40 [19, 22] (20, 59) }
2025-04-01 19:18:37,575 - root - INFO - Optimal solver was not successful the first time
2025-04-01 19:18:37,640 - root - INFO - Optimal solver was not successful the second time
2025-04-01 19:18:37,640 - root - INFO - Created subproblem instance for conflict { position 56 [68, 92] (146, 66) }
2025-04-01 19:18:37,698 - root - INFO - Optimal solver was not successful the first time
2025-04-01 19:18:37,756 - root - INFO - Optimal solver was not successful the second time
2025-04-01 19:18:37,756 - root - INFO - Retrying conflict { position 56 [68, 92] (146, 66) } for the 1 time
2025-04-01 19:18:37,756 - root - INFO - Created subproblem instance for conflict { position 56 [68, 92] (146, 66) }
2025-04-01 19:18:37,819 - root - INFO - Optimal solver was successful
2025-04-01 19:18:37,855 - root - INFO - Retrying conflict { position 34 [19, 22] (18, 60) } for the 4 time
2025-04-01 19:18:37,855 - root - INFO - Created subproblem instance for conflict { position 34 [19, 22] (18, 60) }
2025-04-01 19:18:37,945 - root - INFO - Optimal solver was successful
2025-04-01 19:18:37,989 - root - INFO - Created subproblem instance for conflict { edge 57 [20, 88] ((97, 42), (97, 43)) }
2025-04-01 19:18:38,052 - root - INFO - Optimal solver was not successful the first time
2025-04-01 19:18:38,110 - root - INFO - Optimal solver was not successful the second time
2025-04-01 19:18:38,110 - root - INFO - Retrying conflict { edge 57 [20, 88] ((97, 42), (97, 43)) } for the 1 time
2025-04-01 19:18:38,110 - root - INFO - Created subproblem instance for conflict { edge 57 [20, 88] ((97, 42), (97, 43)) }
2025-04-01 19:18:38,169 - root - INFO - Optimal solver was successful
2025-04-01 19:18:38,204 - root - INFO - Created subproblem instance for conflict { edge 59 [54, 87] ((36, 32), (36, 33)) }
2025-04-01 19:18:38,268 - root - INFO - Optimal solver was not successful the first time
2025-04-01 19:18:38,329 - root - INFO - Optimal solver was not successful the second time
2025-04-01 19:18:38,329 - root - INFO - Retrying conflict { edge 59 [54, 87] ((36, 32), (36, 33)) } for the 1 time
2025-04-01 19:18:38,329 - root - INFO - Created subproblem instance for conflict { edge 59 [54, 87] ((36, 32), (36, 33)) }
2025-04-01 19:18:38,384 - root - INFO - Optimal solver was successful
2025-04-01 19:18:38,425 - root - INFO - Created subproblem instance for conflict { position 60 [7, 77] (154, 53) }
2025-04-01 19:18:38,491 - root - INFO - Optimal solver was not successful the first time
2025-04-01 19:18:38,551 - root - INFO - Optimal solver was not successful the second time
2025-04-01 19:18:38,551 - root - INFO - Retrying conflict { position 60 [7, 77] (154, 53) } for the 1 time
2025-04-01 19:18:38,551 - root - INFO - Created subproblem instance for conflict { position 60 [7, 77] (154, 53) }
2025-04-01 19:18:38,606 - root - INFO - Optimal solver was successful
2025-04-01 19:18:38,646 - root - INFO - Created subproblem instance for conflict { edge 61 [11, 41] ((86, 41), (87, 41)) }
2025-04-01 19:18:38,706 - root - INFO - Optimal solver was not successful the first time
2025-04-01 19:18:38,767 - root - INFO - Optimal solver was not successful the second time
2025-04-01 19:18:38,767 - root - INFO - Retrying conflict { edge 61 [11, 41] ((86, 41), (87, 41)) } for the 1 time
2025-04-01 19:18:38,767 - root - INFO - Created subproblem instance for conflict { edge 61 [11, 41] ((86, 41), (87, 41)) }
2025-04-01 19:18:38,820 - root - INFO - Optimal solver was not successful the first time
2025-04-01 19:18:38,878 - root - INFO - Optimal solver was not successful the second time
2025-04-01 19:18:38,878 - root - INFO - Created subproblem instance for conflict { position 72 [9, 88] (99, 38) }
2025-04-01 19:18:38,935 - root - INFO - Optimal solver was not successful the first time
2025-04-01 19:18:38,984 - root - INFO - Optimal solver was not successful the second time
2025-04-01 19:18:38,992 - root - INFO - Retrying conflict { position 72 [9, 88] (99, 38) } for the 1 time
2025-04-01 19:18:38,992 - root - INFO - Created subproblem instance for conflict { position 72 [9, 88] (99, 38) }
2025-04-01 19:18:39,051 - root - INFO - Optimal solver was successful
2025-04-01 19:18:39,091 - root - INFO - Retrying conflict { edge 61 [11, 41] ((86, 41), (87, 41)) } for the 2 time
2025-04-01 19:18:39,091 - root - INFO - Created subproblem instance for conflict { edge 61 [11, 41] ((86, 41), (87, 41)) }
2025-04-01 19:18:39,156 - root - INFO - Optimal solver was successful
2025-04-01 19:18:39,198 - root - INFO - Created subproblem instance for conflict { position 72 [51, 72] (144, 28) }
2025-04-01 19:18:39,262 - root - INFO - Optimal solver was not successful the first time
2025-04-01 19:18:39,317 - root - INFO - Optimal solver was not successful the second time
2025-04-01 19:18:39,318 - root - INFO - Retrying conflict { position 72 [51, 72] (144, 28) } for the 1 time
2025-04-01 19:18:39,318 - root - INFO - Created subproblem instance for conflict { position 72 [51, 72] (144, 28) }
2025-04-01 19:18:39,371 - root - INFO - Optimal solver was successful
2025-04-01 19:18:39,412 - root - INFO - Created subproblem instance for conflict { position 74 [0, 25] (25, 19) }
2025-04-01 19:18:39,478 - root - INFO - Optimal solver was not successful the first time
2025-04-01 19:18:39,534 - root - INFO - Optimal solver was not successful the second time
2025-04-01 19:18:39,535 - root - INFO - Retrying conflict { position 74 [0, 25] (25, 19) } for the 1 time
2025-04-01 19:18:39,535 - root - INFO - Created subproblem instance for conflict { position 74 [0, 25] (25, 19) }
2025-04-01 19:18:39,586 - root - INFO - Optimal solver was not successful the first time
2025-04-01 19:18:39,644 - root - INFO - Optimal solver was not successful the second time
2025-04-01 19:18:39,644 - root - INFO - Created subproblem instance for conflict { position 74 [37, 84] (61, 34) }
2025-04-01 19:18:39,701 - root - INFO - Optimal solver was not successful the first time
2025-04-01 19:18:39,758 - root - INFO - Optimal solver was not successful the second time
2025-04-01 19:18:39,758 - root - INFO - Retrying conflict { position 74 [37, 84] (61, 34) } for the 1 time
2025-04-01 19:18:39,758 - root - INFO - Created subproblem instance for conflict { position 74 [37, 84] (61, 34) }
2025-04-01 19:18:39,812 - root - INFO - Optimal solver was not successful the first time
2025-04-01 19:18:39,858 - root - INFO - Optimal solver was not successful the second time
2025-04-01 19:18:39,858 - root - INFO - Created subproblem instance for conflict { position 76 [27, 32] (34, 21) }
2025-04-01 19:18:39,923 - root - INFO - Optimal solver was not successful the first time
2025-04-01 19:18:39,985 - root - INFO - Optimal solver was not successful the second time
2025-04-01 19:18:39,985 - root - INFO - Retrying conflict { position 76 [27, 32] (34, 21) } for the 1 time
2025-04-01 19:18:39,985 - root - INFO - Created subproblem instance for conflict { position 76 [27, 32] (34, 21) }
2025-04-01 19:18:40,039 - root - INFO - Optimal solver was not successful the first time
2025-04-01 19:18:40,101 - root - INFO - Optimal solver was not successful the second time
2025-04-01 19:18:40,101 - root - INFO - Created subproblem instance for conflict { edge 81 [37, 60] ((60, 31), (60, 32)) }
2025-04-01 19:18:40,153 - root - INFO - Optimal solver was not successful the first time
2025-04-01 19:18:40,211 - root - INFO - Optimal solver was not successful the second time
2025-04-01 19:18:40,211 - root - INFO - Retrying conflict { edge 81 [37, 60] ((60, 31), (60, 32)) } for the 1 time
2025-04-01 19:18:40,211 - root - INFO - Created subproblem instance for conflict { edge 81 [37, 60] ((60, 31), (60, 32)) }
2025-04-01 19:18:40,268 - root - INFO - Optimal solver was not successful the first time
2025-04-01 19:18:40,321 - root - INFO - Optimal solver was not successful the second time
2025-04-01 19:18:40,321 - root - INFO - Created subproblem instance for conflict { position 82 [3, 29] (48, 51) }
2025-04-01 19:18:40,374 - root - INFO - Optimal solver was not successful the first time
2025-04-01 19:18:40,435 - root - INFO - Optimal solver was not successful the second time
2025-04-01 19:18:40,435 - root - INFO - Retrying conflict { position 82 [3, 29] (48, 51) } for the 1 time
2025-04-01 19:18:40,435 - root - INFO - Created subproblem instance for conflict { position 82 [3, 29] (48, 51) }
2025-04-01 19:18:40,489 - root - INFO - Optimal solver was successful
2025-04-01 19:18:40,531 - root - INFO - Retrying conflict { position 74 [0, 25] (25, 19) } for the 2 time
2025-04-01 19:18:40,531 - root - INFO - Created subproblem instance for conflict { position 74 [0, 25] (25, 19) }
2025-04-01 19:18:40,589 - root - INFO - Optimal solver was successful
2025-04-01 19:18:40,639 - root - INFO - Retrying conflict { position 74 [37, 84] (61, 34) } for the 2 time
2025-04-01 19:18:40,639 - root - INFO - Created subproblem instance for conflict { position 74 [37, 84] (61, 34) }
2025-04-01 19:18:40,701 - root - INFO - Optimal solver was successful
2025-04-01 19:18:40,737 - root - INFO - Retrying conflict { position 76 [27, 32] (34, 21) } for the 2 time
2025-04-01 19:18:40,737 - root - INFO - Created subproblem instance for conflict { position 76 [27, 32] (34, 21) }
2025-04-01 19:18:40,811 - root - INFO - Optimal solver was successful
2025-04-01 19:18:40,851 - root - INFO - Created subproblem instance for conflict { position 82 [20, 97] (101, 50) }
2025-04-01 19:18:40,910 - root - INFO - Optimal solver was not successful the first time
2025-04-01 19:18:40,968 - root - INFO - Optimal solver was not successful the second time
2025-04-01 19:18:40,968 - root - INFO - Retrying conflict { position 82 [20, 97] (101, 50) } for the 1 time
2025-04-01 19:18:40,968 - root - INFO - Created subproblem instance for conflict { position 82 [20, 97] (101, 50) }
2025-04-01 19:18:41,023 - root - INFO - Optimal solver was successful
2025-04-01 19:18:41,062 - root - INFO - Created subproblem instance for conflict { edge 83 [57, 83] ((84, 9), (85, 9)) }
2025-04-01 19:18:41,124 - root - INFO - Optimal solver was not successful the first time
2025-04-01 19:18:41,173 - root - INFO - Optimal solver was not successful the second time
2025-04-01 19:18:41,173 - root - INFO - Retrying conflict { edge 83 [57, 83] ((84, 9), (85, 9)) } for the 1 time
2025-04-01 19:18:41,173 - root - INFO - Created subproblem instance for conflict { edge 83 [57, 83] ((84, 9), (85, 9)) }
2025-04-01 19:18:41,239 - root - INFO - Optimal solver was successful
2025-04-01 19:18:41,279 - root - INFO - Created subproblem instance for conflict { position 84 [4, 89] (112, 17) }
2025-04-01 19:18:41,339 - root - INFO - Optimal solver was not successful the first time
2025-04-01 19:18:41,398 - root - INFO - Optimal solver was not successful the second time
2025-04-01 19:18:41,398 - root - INFO - Retrying conflict { position 84 [4, 89] (112, 17) } for the 1 time
2025-04-01 19:18:41,398 - root - INFO - Created subproblem instance for conflict { position 84 [4, 89] (112, 17) }
2025-04-01 19:18:41,456 - root - INFO - Optimal solver was successful
2025-04-01 19:18:41,494 - root - INFO - Created subproblem instance for conflict { position 92 [61, 96] (81, 37) }
2025-04-01 19:18:41,555 - root - INFO - Optimal solver was not successful the first time
2025-04-01 19:18:41,608 - root - INFO - Optimal solver was not successful the second time
2025-04-01 19:18:41,608 - root - INFO - Retrying conflict { position 92 [61, 96] (81, 37) } for the 1 time
2025-04-01 19:18:41,608 - root - INFO - Created subproblem instance for conflict { position 92 [61, 96] (81, 37) }
2025-04-01 19:18:41,668 - root - INFO - Optimal solver was not successful the first time
2025-04-01 19:18:41,720 - root - INFO - Optimal solver was not successful the second time
2025-04-01 19:18:41,720 - root - INFO - Created subproblem instance for conflict { edge 95 [82, 95] ((135, 37), (136, 37)) }
2025-04-01 19:18:41,773 - root - INFO - Optimal solver was not successful the first time
2025-04-01 19:18:41,822 - root - INFO - Optimal solver was not successful the second time
2025-04-01 19:18:41,822 - root - INFO - Retrying conflict { edge 95 [82, 95] ((135, 37), (136, 37)) } for the 1 time
2025-04-01 19:18:41,829 - root - INFO - Created subproblem instance for conflict { edge 95 [82, 95] ((135, 37), (136, 37)) }
2025-04-01 19:18:41,888 - root - INFO - Optimal solver was not successful the first time
2025-04-01 19:18:41,939 - root - INFO - Optimal solver was not successful the second time
2025-04-01 19:18:41,939 - root - INFO - Created subproblem instance for conflict { position 98 [17, 54] (35, 50) }
2025-04-01 19:18:41,996 - root - INFO - Optimal solver was not successful the first time
2025-04-01 19:18:42,051 - root - INFO - Optimal solver was not successful the second time
2025-04-01 19:18:42,051 - root - INFO - Retrying conflict { position 98 [17, 54] (35, 50) } for the 1 time
2025-04-01 19:18:42,052 - root - INFO - Created subproblem instance for conflict { position 98 [17, 54] (35, 50) }
2025-04-01 19:18:42,102 - root - INFO - Optimal solver was successful
2025-04-01 19:18:42,151 - root - INFO - Retrying conflict { position 92 [61, 96] (81, 37) } for the 2 time
2025-04-01 19:18:42,152 - root - INFO - Created subproblem instance for conflict { position 92 [61, 96] (81, 37) }
2025-04-01 19:18:42,211 - root - INFO - Optimal solver was successful
2025-04-01 19:18:42,256 - root - INFO - Retrying conflict { edge 95 [82, 95] ((135, 37), (136, 37)) } for the 2 time
2025-04-01 19:18:42,256 - root - INFO - Created subproblem instance for conflict { edge 95 [82, 95] ((135, 37), (136, 37)) }
2025-04-01 19:18:42,320 - root - INFO - Optimal solver was successful
2025-04-01 19:18:42,368 - root - INFO - Created subproblem instance for conflict { position 110 [37, 87] (54, 26) }
2025-04-01 19:18:42,431 - root - INFO - Optimal solver was not successful the first time
2025-04-01 19:18:42,486 - root - INFO - Optimal solver was not successful the second time
2025-04-01 19:18:42,486 - root - INFO - Retrying conflict { position 110 [37, 87] (54, 26) } for the 1 time
2025-04-01 19:18:42,486 - root - INFO - Created subproblem instance for conflict { position 110 [37, 87] (54, 26) }
2025-04-01 19:18:42,540 - root - INFO - Optimal solver was not successful the first time
2025-04-01 19:18:42,587 - root - INFO - Optimal solver was not successful the second time
2025-04-01 19:18:42,587 - root - INFO - Created subproblem instance for conflict { position 110 [41, 60] (65, 41) }
2025-04-01 19:18:42,645 - root - INFO - Optimal solver was not successful the first time
2025-04-01 19:18:42,700 - root - INFO - Optimal solver was not successful the second time
2025-04-01 19:18:42,700 - root - INFO - Retrying conflict { position 110 [41, 60] (65, 41) } for the 1 time
2025-04-01 19:18:42,700 - root - INFO - Created subproblem instance for conflict { position 110 [41, 60] (65, 41) }
2025-04-01 19:18:42,752 - root - INFO - Optimal solver was not successful the first time
2025-04-01 19:18:42,812 - root - INFO - Optimal solver was not successful the second time
2025-04-01 19:18:42,812 - root - INFO - Created subproblem instance for conflict { position 112 [1, 7] (144, 38) }
2025-04-01 19:18:42,868 - root - INFO - Optimal solver was not successful the first time
2025-04-01 19:18:42,918 - root - INFO - Optimal solver was not successful the second time
2025-04-01 19:18:42,918 - root - INFO - Retrying conflict { position 112 [1, 7] (144, 38) } for the 1 time
2025-04-01 19:18:42,918 - root - INFO - Created subproblem instance for conflict { position 112 [1, 7] (144, 38) }
2025-04-01 19:18:42,974 - root - INFO - Optimal solver was successful
2025-04-01 19:18:43,019 - root - INFO - Retrying conflict { position 110 [37, 87] (54, 26) } for the 2 time
2025-04-01 19:18:43,019 - root - INFO - Created subproblem instance for conflict { position 110 [37, 87] (54, 26) }
2025-04-01 19:18:43,089 - root - INFO - Optimal solver was successful
2025-04-01 19:18:43,130 - root - INFO - Retrying conflict { position 110 [41, 60] (65, 41) } for the 2 time
2025-04-01 19:18:43,130 - root - INFO - Created subproblem instance for conflict { position 110 [41, 60] (65, 41) }
2025-04-01 19:18:43,193 - root - INFO - Optimal solver was successful
2025-04-01 19:18:43,237 - root - INFO - Created subproblem instance for conflict { position 112 [61, 84] (74, 37) }
2025-04-01 19:18:43,302 - root - INFO - Optimal solver was not successful the first time
2025-04-01 19:18:43,352 - root - INFO - Optimal solver was not successful the second time
2025-04-01 19:18:43,352 - root - INFO - Retrying conflict { position 112 [61, 84] (74, 37) } for the 1 time
2025-04-01 19:18:43,352 - root - INFO - Created subproblem instance for conflict { position 112 [61, 84] (74, 37) }
2025-04-01 19:18:43,412 - root - INFO - Optimal solver was not successful the first time
2025-04-01 19:18:43,466 - root - INFO - Optimal solver was not successful the second time
2025-04-01 19:18:43,466 - root - INFO - Created subproblem instance for conflict { position 118 [40, 76] (68, 22) }
2025-04-01 19:18:43,518 - root - INFO - Optimal solver was not successful the first time
2025-04-01 19:18:43,573 - root - INFO - Optimal solver was not successful the second time
2025-04-01 19:18:43,575 - root - INFO - Retrying conflict { position 118 [40, 76] (68, 22) } for the 1 time
2025-04-01 19:18:43,575 - root - INFO - Created subproblem instance for conflict { position 118 [40, 76] (68, 22) }
2025-04-01 19:18:43,632 - root - INFO - Optimal solver was successful
2025-04-01 19:18:43,675 - root - INFO - Retrying conflict { position 112 [61, 84] (74, 37) } for the 2 time
2025-04-01 19:18:43,675 - root - INFO - Created subproblem instance for conflict { position 112 [61, 84] (74, 37) }
2025-04-01 19:18:43,739 - root - INFO - Optimal solver was successful
2025-04-01 19:18:43,782 - root - INFO - Created subproblem instance for conflict { edge 119 [86, 88] ((121, 38), (122, 38)) }
2025-04-01 19:18:43,838 - root - INFO - Optimal solver was not successful the first time
2025-04-01 19:18:43,896 - root - INFO - Optimal solver was not successful the second time
2025-04-01 19:18:43,896 - root - INFO - Retrying conflict { edge 119 [86, 88] ((121, 38), (122, 38)) } for the 1 time
2025-04-01 19:18:43,898 - root - INFO - Created subproblem instance for conflict { edge 119 [86, 88] ((121, 38), (122, 38)) }
2025-04-01 19:18:43,955 - root - INFO - Optimal solver was not successful the first time
2025-04-01 19:18:44,004 - root - INFO - Optimal solver was not successful the second time
2025-04-01 19:18:44,004 - root - INFO - Created subproblem instance for conflict { position 120 [3, 12] (60, 57) }
2025-04-01 19:18:44,062 - root - INFO - Optimal solver was not successful the first time
2025-04-01 19:18:44,118 - root - INFO - Optimal solver was not successful the second time
2025-04-01 19:18:44,118 - root - INFO - Retrying conflict { position 120 [3, 12] (60, 57) } for the 1 time
2025-04-01 19:18:44,121 - root - INFO - Created subproblem instance for conflict { position 120 [3, 12] (60, 57) }
2025-04-01 19:18:44,180 - root - INFO - Optimal solver was successful
2025-04-01 19:18:44,220 - root - INFO - Retrying conflict { edge 119 [86, 88] ((121, 38), (122, 38)) } for the 2 time
2025-04-01 19:18:44,220 - root - INFO - Created subproblem instance for conflict { edge 119 [86, 88] ((121, 38), (122, 38)) }
2025-04-01 19:18:44,288 - root - INFO - Optimal solver was successful
2025-04-01 19:18:44,326 - root - INFO - Created subproblem instance for conflict { position 132 [69, 74] (89, 34) }
2025-04-01 19:18:44,394 - root - INFO - Optimal solver was not successful the first time
2025-04-01 19:18:44,448 - root - INFO - Optimal solver was not successful the second time
2025-04-01 19:18:44,450 - root - INFO - Retrying conflict { position 132 [69, 74] (89, 34) } for the 1 time
2025-04-01 19:18:44,450 - root - INFO - Created subproblem instance for conflict { position 132 [69, 74] (89, 34) }
2025-04-01 19:18:44,504 - root - INFO - Optimal solver was successful
2025-04-01 19:18:44,550 - root - INFO - Created subproblem instance for conflict { position 134 [0, 37] (45, 26) }
2025-04-01 19:18:44,636 - root - INFO - Optimal solver was not successful the first time
2025-04-01 19:18:44,689 - root - INFO - Optimal solver was not successful the second time
2025-04-01 19:18:44,689 - root - INFO - Retrying conflict { position 134 [0, 37] (45, 26) } for the 1 time
2025-04-01 19:18:44,689 - root - INFO - Created subproblem instance for conflict { position 134 [0, 37] (45, 26) }
2025-04-01 19:18:44,746 - root - INFO - Optimal solver was not successful the first time
2025-04-01 19:18:44,802 - root - INFO - Optimal solver was not successful the second time
2025-04-01 19:18:44,804 - root - INFO - Created subproblem instance for conflict { position 136 [58, 76] (68, 22) }
2025-04-01 19:18:44,859 - root - INFO - Optimal solver was not successful the first time
2025-04-01 19:18:44,912 - root - INFO - Optimal solver was not successful the second time
2025-04-01 19:18:44,912 - root - INFO - Retrying conflict { position 136 [58, 76] (68, 22) } for the 1 time
2025-04-01 19:18:44,912 - root - INFO - Created subproblem instance for conflict { position 136 [58, 76] (68, 22) }
2025-04-01 19:18:44,968 - root - INFO - Optimal solver was successful
2025-04-01 19:18:45,018 - root - INFO - Retrying conflict { position 134 [0, 37] (45, 26) } for the 2 time
2025-04-01 19:18:45,019 - root - INFO - Created subproblem instance for conflict { position 134 [0, 37] (45, 26) }
2025-04-01 19:18:45,075 - root - INFO - Optimal solver was successful
2025-04-01 19:18:45,128 - root - INFO - Created subproblem instance for conflict { position 142 [4, 6] (84, 17) }
2025-04-01 19:18:45,186 - root - INFO - Optimal solver was not successful the first time
2025-04-01 19:18:45,252 - root - INFO - Optimal solver was not successful the second time
2025-04-01 19:18:45,252 - root - INFO - Retrying conflict { position 142 [4, 6] (84, 17) } for the 1 time
2025-04-01 19:18:45,252 - root - INFO - Created subproblem instance for conflict { position 142 [4, 6] (84, 17) }
2025-04-01 19:18:45,306 - root - INFO - Optimal solver was successful
2025-04-01 19:18:45,352 - root - INFO - Created subproblem instance for conflict { position 148 [20, 77] (119, 61) }
2025-04-01 19:18:45,408 - root - INFO - Optimal solver was not successful the first time
2025-04-01 19:18:45,464 - root - INFO - Optimal solver was not successful the second time
2025-04-01 19:18:45,464 - root - INFO - Retrying conflict { position 148 [20, 77] (119, 61) } for the 1 time
2025-04-01 19:18:45,464 - root - INFO - Created subproblem instance for conflict { position 148 [20, 77] (119, 61) }
2025-04-01 19:18:45,518 - root - INFO - Optimal solver was successful
2025-04-01 19:18:45,563 - root - INFO - Created subproblem instance for conflict { edge 151 [46, 48] ((103, 46), (104, 46)) }
2025-04-01 19:18:45,621 - root - INFO - Optimal solver was not successful the first time
2025-04-01 19:18:45,677 - root - INFO - Optimal solver was not successful the second time
2025-04-01 19:18:45,677 - root - INFO - Retrying conflict { edge 151 [46, 48] ((103, 46), (104, 46)) } for the 1 time
2025-04-01 19:18:45,680 - root - INFO - Created subproblem instance for conflict { edge 151 [46, 48] ((103, 46), (104, 46)) }
2025-04-01 19:18:45,733 - root - INFO - Optimal solver was not successful the first time
2025-04-01 19:18:45,786 - root - INFO - Optimal solver was not successful the second time
2025-04-01 19:18:45,786 - root - INFO - Created subproblem instance for conflict { edge 151 [50, 80] ((72, 78), (73, 78)) }
2025-04-01 19:18:45,845 - root - INFO - Optimal solver was not successful the first time
2025-04-01 19:18:45,899 - root - INFO - Optimal solver was not successful the second time
2025-04-01 19:18:45,899 - root - INFO - Retrying conflict { edge 151 [50, 80] ((72, 78), (73, 78)) } for the 1 time
2025-04-01 19:18:45,899 - root - INFO - Created subproblem instance for conflict { edge 151 [50, 80] ((72, 78), (73, 78)) }
2025-04-01 19:18:45,957 - root - INFO - Optimal solver was not successful the first time
2025-04-01 19:18:46,006 - root - INFO - Optimal solver was not successful the second time
2025-04-01 19:18:46,006 - root - INFO - Created subproblem instance for conflict { edge 153 [2, 38] ((60, 38), (60, 39)) }
2025-04-01 19:18:46,072 - root - INFO - Optimal solver was not successful the first time
2025-04-01 19:18:46,122 - root - INFO - Optimal solver was not successful the second time
2025-04-01 19:18:46,122 - root - INFO - Retrying conflict { edge 153 [2, 38] ((60, 38), (60, 39)) } for the 1 time
2025-04-01 19:18:46,122 - root - INFO - Created subproblem instance for conflict { edge 153 [2, 38] ((60, 38), (60, 39)) }
2025-04-01 19:18:46,186 - root - INFO - Optimal solver was not successful the first time
2025-04-01 19:18:46,246 - root - INFO - Optimal solver was not successful the second time
2025-04-01 19:18:46,246 - root - INFO - Created subproblem instance for conflict { position 156 [35, 69] (100, 34) }
2025-04-01 19:18:46,306 - root - INFO - Optimal solver was not successful the first time
2025-04-01 19:18:46,358 - root - INFO - Optimal solver was not successful the second time
2025-04-01 19:18:46,358 - root - INFO - Retrying conflict { position 156 [35, 69] (100, 34) } for the 1 time
2025-04-01 19:18:46,358 - root - INFO - Created subproblem instance for conflict { position 156 [35, 69] (100, 34) }
2025-04-01 19:18:46,413 - root - INFO - Optimal solver was successful
2025-04-01 19:18:46,470 - root - INFO - Retrying conflict { edge 151 [46, 48] ((103, 46), (104, 46)) } for the 2 time
2025-04-01 19:18:46,472 - root - INFO - Created subproblem instance for conflict { edge 151 [46, 48] ((103, 46), (104, 46)) }
2025-04-01 19:18:46,527 - root - INFO - Optimal solver was successful
2025-04-01 19:18:46,578 - root - INFO - Retrying conflict { edge 151 [50, 80] ((72, 78), (73, 78)) } for the 2 time
2025-04-01 19:18:46,578 - root - INFO - Created subproblem instance for conflict { edge 151 [50, 80] ((72, 78), (73, 78)) }
2025-04-01 19:18:46,653 - root - INFO - Optimal solver was successful
2025-04-01 19:18:46,694 - root - INFO - Retrying conflict { edge 153 [2, 38] ((60, 38), (60, 39)) } for the 2 time
2025-04-01 19:18:46,694 - root - INFO - Created subproblem instance for conflict { edge 153 [2, 38] ((60, 38), (60, 39)) }
2025-04-01 19:18:46,767 - root - INFO - Optimal solver was successful
2025-04-01 19:18:46,819 - root - INFO - Created subproblem instance for conflict { edge 161 [1, 31] ((124, 42), (125, 42)) }
2025-04-01 19:18:46,874 - root - INFO - Optimal solver was not successful the first time
2025-04-01 19:18:46,932 - root - INFO - Optimal solver was not successful the second time
2025-04-01 19:18:46,932 - root - INFO - Retrying conflict { edge 161 [1, 31] ((124, 42), (125, 42)) } for the 1 time
2025-04-01 19:18:46,932 - root - INFO - Created subproblem instance for conflict { edge 161 [1, 31] ((124, 42), (125, 42)) }
2025-04-01 19:18:46,986 - root - INFO - Optimal solver was not successful the first time
2025-04-01 19:18:47,039 - root - INFO - Optimal solver was not successful the second time
2025-04-01 19:18:47,039 - root - INFO - Created subproblem instance for conflict { position 162 [4, 39] (75, 17) }
2025-04-01 19:18:47,103 - root - INFO - Optimal solver was not successful the first time
2025-04-01 19:18:47,155 - root - INFO - Optimal solver was not successful the second time
2025-04-01 19:18:47,155 - root - INFO - Retrying conflict { position 162 [4, 39] (75, 17) } for the 1 time
2025-04-01 19:18:47,155 - root - INFO - Created subproblem instance for conflict { position 162 [4, 39] (75, 17) }
2025-04-01 19:18:47,214 - root - INFO - Optimal solver was not successful the first time
2025-04-01 19:18:47,274 - root - INFO - Optimal solver was not successful the second time
2025-04-01 19:18:47,274 - root - INFO - Created subproblem instance for conflict { position 162 [28, 43] (88, 21) }
2025-04-01 19:18:47,325 - root - INFO - Optimal solver was not successful the first time
2025-04-01 19:18:47,382 - root - INFO - Optimal solver was not successful the second time
2025-04-01 19:18:47,382 - root - INFO - Retrying conflict { position 162 [28, 43] (88, 21) } for the 1 time
2025-04-01 19:18:47,382 - root - INFO - Created subproblem instance for conflict { position 162 [28, 43] (88, 21) }
2025-04-01 19:18:47,438 - root - INFO - Optimal solver was not successful the first time
2025-04-01 19:18:47,491 - root - INFO - Optimal solver was not successful the second time
2025-04-01 19:18:47,491 - root - INFO - Created subproblem instance for conflict { position 166 [4, 15] (73, 17) }
2025-04-01 19:18:47,541 - root - INFO - Optimal solver was not successful the first time
2025-04-01 19:18:47,603 - root - INFO - Optimal solver was not successful the second time
2025-04-01 19:18:47,603 - root - INFO - Retrying conflict { position 166 [4, 15] (73, 17) } for the 1 time
2025-04-01 19:18:47,603 - root - INFO - Created subproblem instance for conflict { position 166 [4, 15] (73, 17) }
2025-04-01 19:18:47,656 - root - INFO - Optimal solver was not successful the first time
2025-04-01 19:18:47,711 - root - INFO - Optimal solver was not successful the second time
2025-04-01 19:18:47,711 - root - INFO - Created subproblem instance for conflict { edge 173 [84, 94] ((85, 53), (86, 53)) }
2025-04-01 19:18:47,769 - root - INFO - Optimal solver was not successful the first time
2025-04-01 19:18:47,822 - root - INFO - Optimal solver was not successful the second time
2025-04-01 19:18:47,822 - root - INFO - Retrying conflict { edge 173 [84, 94] ((85, 53), (86, 53)) } for the 1 time
2025-04-01 19:18:47,822 - root - INFO - Created subproblem instance for conflict { edge 173 [84, 94] ((85, 53), (86, 53)) }
2025-04-01 19:18:47,886 - root - INFO - Optimal solver was successful
2025-04-01 19:18:47,933 - root - INFO - Retrying conflict { edge 161 [1, 31] ((124, 42), (125, 42)) } for the 2 time
2025-04-01 19:18:47,933 - root - INFO - Created subproblem instance for conflict { edge 161 [1, 31] ((124, 42), (125, 42)) }
2025-04-01 19:18:47,991 - root - INFO - Optimal solver was successful
2025-04-01 19:18:48,040 - root - INFO - Retrying conflict { position 162 [4, 39] (75, 17) } for the 2 time
2025-04-01 19:18:48,040 - root - INFO - Created subproblem instance for conflict { position 162 [4, 39] (75, 17) }
2025-04-01 19:18:48,114 - root - INFO - Optimal solver was successful
2025-04-01 19:18:48,163 - root - INFO - Retrying conflict { position 162 [28, 43] (88, 21) } for the 2 time
2025-04-01 19:18:48,163 - root - INFO - Created subproblem instance for conflict { position 162 [28, 43] (88, 21) }
2025-04-01 19:18:48,224 - root - INFO - Optimal solver was successful
2025-04-01 19:18:48,274 - root - INFO - Created subproblem instance for conflict { edge 177 [49, 58] ((87, 22), (88, 22)) }
2025-04-01 19:18:48,331 - root - INFO - Optimal solver was not successful the first time
2025-04-01 19:18:48,393 - root - INFO - Optimal solver was not successful the second time
2025-04-01 19:18:48,393 - root - INFO - Retrying conflict { edge 177 [49, 58] ((87, 22), (88, 22)) } for the 1 time
2025-04-01 19:18:48,393 - root - INFO - Created subproblem instance for conflict { edge 177 [49, 58] ((87, 22), (88, 22)) }
2025-04-01 19:18:48,450 - root - INFO - Optimal solver was not successful the first time
2025-04-01 19:18:48,503 - root - INFO - Optimal solver was not successful the second time
2025-04-01 19:18:48,503 - root - INFO - Created subproblem instance for conflict { position 180 [33, 91] (73, 70) }
2025-04-01 19:18:48,561 - root - INFO - Optimal solver was not successful the first time
2025-04-01 19:18:48,615 - root - INFO - Optimal solver was not successful the second time
2025-04-01 19:18:48,615 - root - INFO - Retrying conflict { position 180 [33, 91] (73, 70) } for the 1 time
2025-04-01 19:18:48,615 - root - INFO - Created subproblem instance for conflict { position 180 [33, 91] (73, 70) }
2025-04-01 19:18:48,673 - root - INFO - Optimal solver was successful
2025-04-01 19:18:48,722 - root - INFO - Retrying conflict { edge 177 [49, 58] ((87, 22), (88, 22)) } for the 2 time
2025-04-01 19:18:48,722 - root - INFO - Created subproblem instance for conflict { edge 177 [49, 58] ((87, 22), (88, 22)) }
2025-04-01 19:18:48,786 - root - INFO - Optimal solver was successful
2025-04-01 19:18:48,837 - root - INFO - Created subproblem instance for conflict { position 180 [38, 59] (63, 46) }
2025-04-01 19:18:48,903 - root - INFO - Optimal solver was not successful the first time
2025-04-01 19:18:48,960 - root - INFO - Optimal solver was not successful the second time
2025-04-01 19:18:48,960 - root - INFO - Retrying conflict { position 180 [38, 59] (63, 46) } for the 1 time
2025-04-01 19:18:48,960 - root - INFO - Created subproblem instance for conflict { position 180 [38, 59] (63, 46) }
2025-04-01 19:18:49,026 - root - INFO - Optimal solver was successful
2025-04-01 19:18:49,076 - root - INFO - Created subproblem instance for conflict { position 180 [48, 60] (92, 46) }
2025-04-01 19:18:49,141 - root - INFO - Optimal solver was not successful the first time
2025-04-01 19:18:49,196 - root - INFO - Optimal solver was not successful the second time
2025-04-01 19:18:49,196 - root - INFO - Retrying conflict { position 180 [48, 60] (92, 46) } for the 1 time
2025-04-01 19:18:49,196 - root - INFO - Created subproblem instance for conflict { position 180 [48, 60] (92, 46) }
2025-04-01 19:18:49,248 - root - INFO - Optimal solver was not successful the first time
2025-04-01 19:18:49,304 - root - INFO - Optimal solver was not successful the second time
2025-04-01 19:18:49,304 - root - INFO - Created subproblem instance for conflict { position 184 [35, 78] (95, 42) }
2025-04-01 19:18:49,355 - root - INFO - Optimal solver was not successful the first time
2025-04-01 19:18:49,411 - root - INFO - Optimal solver was not successful the second time
2025-04-01 19:18:49,411 - root - INFO - Retrying conflict { position 184 [35, 78] (95, 42) } for the 1 time
2025-04-01 19:18:49,413 - root - INFO - Created subproblem instance for conflict { position 184 [35, 78] (95, 42) }
2025-04-01 19:18:49,464 - root - INFO - Optimal solver was successful
2025-04-01 19:18:49,522 - root - INFO - Retrying conflict { position 180 [48, 60] (92, 46) } for the 2 time
2025-04-01 19:18:49,522 - root - INFO - Created subproblem instance for conflict { position 180 [48, 60] (92, 46) }
2025-04-01 19:18:49,581 - root - INFO - Optimal solver was successful
2025-04-01 19:18:49,642 - root - INFO - Created subproblem instance for conflict { position 184 [36, 46] (109, 54) }
2025-04-01 19:18:49,706 - root - INFO - Optimal solver was not successful the first time
2025-04-01 19:18:49,763 - root - INFO - Optimal solver was not successful the second time
2025-04-01 19:18:49,763 - root - INFO - Retrying conflict { position 184 [36, 46] (109, 54) } for the 1 time
2025-04-01 19:18:49,763 - root - INFO - Created subproblem instance for conflict { position 184 [36, 46] (109, 54) }
2025-04-01 19:18:49,820 - root - INFO - Optimal solver was successful
2025-04-01 19:18:49,881 - root - INFO - Created subproblem instance for conflict { position 184 [75, 94] (90, 53) }
2025-04-01 19:18:49,938 - root - INFO - Optimal solver was not successful the first time
2025-04-01 19:18:49,993 - root - INFO - Optimal solver was not successful the second time
2025-04-01 19:18:49,993 - root - INFO - Retrying conflict { position 184 [75, 94] (90, 53) } for the 1 time
2025-04-01 19:18:49,993 - root - INFO - Created subproblem instance for conflict { position 184 [75, 94] (90, 53) }
2025-04-01 19:18:50,054 - root - INFO - Optimal solver was successful
2025-04-01 19:18:50,114 - root - INFO - Created subproblem instance for conflict { position 188 [10, 40] (94, 30) }
2025-04-01 19:18:50,178 - root - INFO - Optimal solver was not successful the first time
2025-04-01 19:18:50,237 - root - INFO - Optimal solver was not successful the second time
2025-04-01 19:18:50,237 - root - INFO - Retrying conflict { position 188 [10, 40] (94, 30) } for the 1 time
2025-04-01 19:18:50,237 - root - INFO - Created subproblem instance for conflict { position 188 [10, 40] (94, 30) }
2025-04-01 19:18:50,290 - root - INFO - Optimal solver was not successful the first time
2025-04-01 19:18:50,348 - root - INFO - Optimal solver was not successful the second time
2025-04-01 19:18:50,348 - root - INFO - Created subproblem instance for conflict { position 194 [7, 69] (113, 29) }
2025-04-01 19:18:50,411 - root - INFO - Optimal solver was not successful the first time
2025-04-01 19:18:50,464 - root - INFO - Optimal solver was not successful the second time
2025-04-01 19:18:50,464 - root - INFO - Retrying conflict { position 194 [7, 69] (113, 29) } for the 1 time
2025-04-01 19:18:50,464 - root - INFO - Created subproblem instance for conflict { position 194 [7, 69] (113, 29) }
2025-04-01 19:18:50,525 - root - INFO - Optimal solver was not successful the first time
2025-04-01 19:18:50,580 - root - INFO - Optimal solver was not successful the second time
2025-04-01 19:18:50,580 - root - INFO - Created subproblem instance for conflict { edge 195 [77, 98] ((97, 62), (98, 62)) }
2025-04-01 19:18:50,630 - root - INFO - Optimal solver was not successful the first time
2025-04-01 19:18:50,686 - root - INFO - Optimal solver was not successful the second time
2025-04-01 19:18:50,686 - root - INFO - Retrying conflict { edge 195 [77, 98] ((97, 62), (98, 62)) } for the 1 time
2025-04-01 19:18:50,686 - root - INFO - Created subproblem instance for conflict { edge 195 [77, 98] ((97, 62), (98, 62)) }
2025-04-01 19:18:50,744 - root - INFO - Optimal solver was not successful the first time
2025-04-01 19:18:50,801 - root - INFO - Optimal solver was not successful the second time
2025-04-01 19:18:50,801 - root - INFO - Created subproblem instance for conflict { position 196 [70, 82] (108, 17) }
2025-04-01 19:18:50,854 - root - INFO - Optimal solver was not successful the first time
2025-04-01 19:18:50,913 - root - INFO - Optimal solver was not successful the second time
2025-04-01 19:18:50,913 - root - INFO - Retrying conflict { position 196 [70, 82] (108, 17) } for the 1 time
2025-04-01 19:18:50,913 - root - INFO - Created subproblem instance for conflict { position 196 [70, 82] (108, 17) }
2025-04-01 19:18:50,970 - root - INFO - Optimal solver was successful
2025-04-01 19:18:51,040 - root - INFO - Retrying conflict { position 188 [10, 40] (94, 30) } for the 2 time
2025-04-01 19:18:51,040 - root - INFO - Created subproblem instance for conflict { position 188 [10, 40] (94, 30) }
2025-04-01 19:18:51,102 - root - INFO - Optimal solver was successful
2025-04-01 19:18:51,158 - root - INFO - Retrying conflict { position 194 [7, 69] (113, 29) } for the 2 time
2025-04-01 19:18:51,158 - root - INFO - Created subproblem instance for conflict { position 194 [7, 69] (113, 29) }
2025-04-01 19:18:51,218 - root - INFO - Optimal solver was successful
2025-04-01 19:18:51,280 - root - INFO - Retrying conflict { edge 195 [77, 98] ((97, 62), (98, 62)) } for the 2 time
2025-04-01 19:18:51,280 - root - INFO - Created subproblem instance for conflict { edge 195 [77, 98] ((97, 62), (98, 62)) }
2025-04-01 19:18:51,346 - root - INFO - Optimal solver was successful
2025-04-01 19:18:51,404 - root - INFO - Created subproblem instance for conflict { position 212 [34, 49] (73, 22) }
2025-04-01 19:18:51,463 - root - INFO - Optimal solver was not successful the first time
2025-04-01 19:18:51,511 - root - INFO - Optimal solver was not successful the second time
2025-04-01 19:18:51,511 - root - INFO - Retrying conflict { position 212 [34, 49] (73, 22) } for the 1 time
2025-04-01 19:18:51,511 - root - INFO - Created subproblem instance for conflict { position 212 [34, 49] (73, 22) }
2025-04-01 19:18:51,583 - root - INFO - Optimal solver was successful
2025-04-01 19:18:51,634 - root - INFO - Created subproblem instance for conflict { edge 213 [5, 35] ((81, 42), (82, 42)) }
2025-04-01 19:18:51,697 - root - INFO - Optimal solver was not successful the first time
2025-04-01 19:18:51,748 - root - INFO - Optimal solver was not successful the second time
2025-04-01 19:18:51,748 - root - INFO - Retrying conflict { edge 213 [5, 35] ((81, 42), (82, 42)) } for the 1 time
2025-04-01 19:18:51,748 - root - INFO - Created subproblem instance for conflict { edge 213 [5, 35] ((81, 42), (82, 42)) }
2025-04-01 19:18:51,808 - root - INFO - Optimal solver was not successful the first time
2025-04-01 19:18:51,855 - root - INFO - Optimal solver was not successful the second time
2025-04-01 19:18:51,855 - root - INFO - Created subproblem instance for conflict { edge 213 [38, 48] ((78, 46), (79, 46)) }
2025-04-01 19:18:51,914 - root - INFO - Optimal solver was not successful the first time
2025-04-01 19:18:51,962 - root - INFO - Optimal solver was not successful the second time
2025-04-01 19:18:51,962 - root - INFO - Retrying conflict { edge 213 [38, 48] ((78, 46), (79, 46)) } for the 1 time
2025-04-01 19:18:51,962 - root - INFO - Created subproblem instance for conflict { edge 213 [38, 48] ((78, 46), (79, 46)) }
2025-04-01 19:18:52,021 - root - INFO - Optimal solver was not successful the first time
2025-04-01 19:18:52,080 - root - INFO - Optimal solver was not successful the second time
2025-04-01 19:18:52,080 - root - INFO - Created subproblem instance for conflict { position 220 [65, 94] (106, 54) }
2025-04-01 19:18:52,135 - root - INFO - Optimal solver was not successful the first time
2025-04-01 19:18:52,193 - root - INFO - Optimal solver was not successful the second time
2025-04-01 19:18:52,193 - root - INFO - Retrying conflict { position 220 [65, 94] (106, 54) } for the 1 time
2025-04-01 19:18:52,193 - root - INFO - Created subproblem instance for conflict { position 220 [65, 94] (106, 54) }
2025-04-01 19:18:52,249 - root - INFO - Optimal solver was not successful the first time
2025-04-01 19:18:52,311 - root - INFO - Optimal solver was not successful the second time
2025-04-01 19:18:52,311 - root - INFO - Created subproblem instance for conflict { position 224 [49, 76] (68, 22) }
2025-04-01 19:18:52,365 - root - INFO - Optimal solver was not successful the first time
2025-04-01 19:18:52,420 - root - INFO - Optimal solver was not successful the second time
2025-04-01 19:18:52,420 - root - INFO - Retrying conflict { position 224 [49, 76] (68, 22) } for the 1 time
2025-04-01 19:18:52,421 - root - INFO - Created subproblem instance for conflict { position 224 [49, 76] (68, 22) }
2025-04-01 19:18:52,471 - root - INFO - Optimal solver was successful
2025-04-01 19:18:52,541 - root - INFO - Retrying conflict { edge 213 [5, 35] ((81, 42), (82, 42)) } for the 2 time
2025-04-01 19:18:52,541 - root - INFO - Created subproblem instance for conflict { edge 213 [5, 35] ((81, 42), (82, 42)) }
2025-04-01 19:18:52,604 - root - INFO - Optimal solver was successful
2025-04-01 19:18:52,669 - root - INFO - Retrying conflict { edge 213 [38, 48] ((78, 46), (79, 46)) } for the 2 time
2025-04-01 19:18:52,669 - root - INFO - Created subproblem instance for conflict { edge 213 [38, 48] ((78, 46), (79, 46)) }
2025-04-01 19:18:52,728 - root - INFO - Optimal solver was successful
2025-04-01 19:18:52,795 - root - INFO - Retrying conflict { position 220 [65, 94] (106, 54) } for the 2 time
2025-04-01 19:18:52,798 - root - INFO - Created subproblem instance for conflict { position 220 [65, 94] (106, 54) }
2025-04-01 19:18:52,858 - root - INFO - Optimal solver was not successful the first time
2025-04-01 19:18:52,928 - root - INFO - Optimal solver was not successful the second time
2025-04-01 19:18:52,928 - root - INFO - Created subproblem instance for conflict { position 226 [36, 94] (109, 54) }
2025-04-01 19:18:52,987 - root - INFO - Optimal solver was not successful the first time
2025-04-01 19:18:53,040 - root - INFO - Optimal solver was not successful the second time
2025-04-01 19:18:53,040 - root - INFO - Retrying conflict { position 226 [36, 94] (109, 54) } for the 1 time
2025-04-01 19:18:53,040 - root - INFO - Created subproblem instance for conflict { position 226 [36, 94] (109, 54) }
2025-04-01 19:18:53,095 - root - INFO - Optimal solver was not successful the first time
2025-04-01 19:18:53,154 - root - INFO - Optimal solver was not successful the second time
2025-04-01 19:18:53,155 - root - INFO - Created subproblem instance for conflict { position 230 [19, 45] (106, 57) }
2025-04-01 19:18:53,211 - root - INFO - Optimal solver was not successful the first time
2025-04-01 19:18:53,260 - root - INFO - Optimal solver was not successful the second time
2025-04-01 19:18:53,260 - root - INFO - Retrying conflict { position 230 [19, 45] (106, 57) } for the 1 time
2025-04-01 19:18:53,268 - root - INFO - Created subproblem instance for conflict { position 230 [19, 45] (106, 57) }
2025-04-01 19:18:53,321 - root - INFO - Optimal solver was not successful the first time
2025-04-01 19:18:53,380 - root - INFO - Optimal solver was not successful the second time
2025-04-01 19:18:53,380 - root - INFO - Created subproblem instance for conflict { position 244 [7, 96] (91, 29) }
2025-04-01 19:18:53,438 - root - INFO - Optimal solver was not successful the first time
2025-04-01 19:18:53,491 - root - INFO - Optimal solver was not successful the second time
2025-04-01 19:18:53,491 - root - INFO - Retrying conflict { position 244 [7, 96] (91, 29) } for the 1 time
2025-04-01 19:18:53,491 - root - INFO - Created subproblem instance for conflict { position 244 [7, 96] (91, 29) }
2025-04-01 19:18:53,548 - root - INFO - Optimal solver was successful
2025-04-01 19:18:53,606 - root - INFO - Retrying conflict { position 220 [65, 94] (106, 54) } for the 3 time
2025-04-01 19:18:53,606 - root - INFO - Created subproblem instance for conflict { position 220 [65, 94] (106, 54) }
2025-04-01 19:18:53,681 - root - INFO - Optimal solver was not successful the first time
2025-04-01 19:18:53,745 - root - INFO - Optimal solver was not successful the second time
2025-04-01 19:18:53,745 - root - INFO - Retrying conflict { position 226 [36, 94] (109, 54) } for the 2 time
2025-04-01 19:18:53,745 - root - INFO - Created subproblem instance for conflict { position 226 [36, 94] (109, 54) }
2025-04-01 19:18:53,800 - root - INFO - Optimal solver was not successful the first time
2025-04-01 19:18:53,855 - root - INFO - Optimal solver was not successful the second time
2025-04-01 19:18:53,855 - root - INFO - Retrying conflict { position 230 [19, 45] (106, 57) } for the 2 time
2025-04-01 19:18:53,855 - root - INFO - Created subproblem instance for conflict { position 230 [19, 45] (106, 57) }
2025-04-01 19:18:53,921 - root - INFO - Optimal solver was successful
2025-04-01 19:18:53,976 - root - INFO - Retrying conflict { position 220 [65, 94] (106, 54) } for the 4 time
2025-04-01 19:18:53,976 - root - INFO - Created subproblem instance for conflict { position 220 [65, 94] (106, 54) }
2025-04-01 19:18:54,050 - root - INFO - Optimal solver was not successful the first time
2025-04-01 19:18:54,116 - root - INFO - Optimal solver was not successful the second time
2025-04-01 19:18:54,116 - root - INFO - Retrying conflict { position 226 [36, 94] (109, 54) } for the 3 time
2025-04-01 19:18:54,116 - root - INFO - Created subproblem instance for conflict { position 226 [36, 94] (109, 54) }
2025-04-01 19:18:54,176 - root - INFO - Optimal solver was not successful the first time
2025-04-01 19:18:54,230 - root - INFO - Optimal solver was not successful the second time
2025-04-01 19:18:54,230 - root - INFO - Created subproblem instance for conflict { position 246 [56, 84] (106, 58) }
2025-04-01 19:18:54,288 - root - INFO - Optimal solver was not successful the first time
2025-04-01 19:18:54,348 - root - INFO - Optimal solver was not successful the second time
2025-04-01 19:18:54,348 - root - INFO - Retrying conflict { position 246 [56, 84] (106, 58) } for the 1 time
2025-04-01 19:18:54,348 - root - INFO - Created subproblem instance for conflict { position 246 [56, 84] (106, 58) }
2025-04-01 19:18:54,404 - root - INFO - Optimal solver was successful
2025-04-01 19:18:54,467 - root - INFO - Retrying conflict { position 220 [65, 94] (106, 54) } for the 5 time
2025-04-01 19:18:54,467 - root - INFO - Created subproblem instance for conflict { position 220 [65, 94] (106, 54) }
2025-04-01 19:18:54,549 - root - INFO - Optimal solver was successful
2025-04-01 19:18:54,607 - root - INFO - Created subproblem instance for conflict { position 250 [48, 59] (63, 46) }
2025-04-01 19:18:54,672 - root - INFO - Optimal solver was not successful the first time
2025-04-01 19:18:54,736 - root - INFO - Optimal solver was not successful the second time
2025-04-01 19:18:54,736 - root - INFO - Retrying conflict { position 250 [48, 59] (63, 46) } for the 1 time
2025-04-01 19:18:54,736 - root - INFO - Created subproblem instance for conflict { position 250 [48, 59] (63, 46) }
2025-04-01 19:18:54,794 - root - INFO - Optimal solver was successful
2025-04-01 19:18:54,861 - root - INFO - Created subproblem instance for conflict { position 270 [85, 98] (132, 62) }
2025-04-01 19:18:54,922 - root - INFO - Optimal solver was not successful the first time
2025-04-01 19:18:54,979 - root - INFO - Optimal solver was not successful the second time
2025-04-01 19:18:54,979 - root - INFO - Retrying conflict { position 270 [85, 98] (132, 62) } for the 1 time
2025-04-01 19:18:54,979 - root - INFO - Created subproblem instance for conflict { position 270 [85, 98] (132, 62) }
2025-04-01 19:18:55,035 - root - INFO - Optimal solver was successful
2025-04-01 19:18:55,093 - root - INFO - Created subproblem instance for conflict { position 274 [7, 29] (77, 29) }
2025-04-01 19:18:55,161 - root - INFO - Optimal solver was not successful the first time
2025-04-01 19:18:55,216 - root - INFO - Optimal solver was not successful the second time
2025-04-01 19:18:55,216 - root - INFO - Retrying conflict { position 274 [7, 29] (77, 29) } for the 1 time
2025-04-01 19:18:55,216 - root - INFO - Created subproblem instance for conflict { position 274 [7, 29] (77, 29) }
2025-04-01 19:18:55,276 - root - INFO - Optimal solver was not successful the first time
2025-04-01 19:18:55,331 - root - INFO - Optimal solver was not successful the second time
2025-04-01 19:18:55,333 - root - INFO - Created subproblem instance for conflict { position 280 [7, 30] (74, 29) }
2025-04-01 19:18:55,382 - root - INFO - Optimal solver was not successful the first time
2025-04-01 19:18:55,438 - root - INFO - Optimal solver was not successful the second time
2025-04-01 19:18:55,438 - root - INFO - Retrying conflict { position 280 [7, 30] (74, 29) } for the 1 time
2025-04-01 19:18:55,440 - root - INFO - Created subproblem instance for conflict { position 280 [7, 30] (74, 29) }
2025-04-01 19:18:55,489 - root - INFO - Optimal solver was not successful the first time
2025-04-01 19:18:55,546 - root - INFO - Optimal solver was not successful the second time
2025-04-01 19:18:55,546 - root - INFO - Created subproblem instance for conflict { position 284 [13, 28] (34, 17) }
2025-04-01 19:18:55,602 - root - INFO - Optimal solver was not successful the first time
2025-04-01 19:18:55,661 - root - INFO - Optimal solver was not successful the second time
2025-04-01 19:18:55,661 - root - INFO - Retrying conflict { position 284 [13, 28] (34, 17) } for the 1 time
2025-04-01 19:18:55,661 - root - INFO - Created subproblem instance for conflict { position 284 [13, 28] (34, 17) }
2025-04-01 19:18:55,722 - root - INFO - Optimal solver was successful
2025-04-01 19:18:55,794 - root - INFO - Retrying conflict { position 274 [7, 29] (77, 29) } for the 2 time
2025-04-01 19:18:55,794 - root - INFO - Created subproblem instance for conflict { position 274 [7, 29] (77, 29) }
2025-04-01 19:18:55,858 - root - INFO - Optimal solver was not successful the first time
2025-04-01 19:18:55,910 - root - INFO - Optimal solver was not successful the second time
2025-04-01 19:18:55,910 - root - INFO - Retrying conflict { position 280 [7, 30] (74, 29) } for the 2 time
2025-04-01 19:18:55,910 - root - INFO - Created subproblem instance for conflict { position 280 [7, 30] (74, 29) }
2025-04-01 19:18:55,972 - root - INFO - Optimal solver was not successful the first time
2025-04-01 19:18:56,025 - root - INFO - Optimal solver was not successful the second time
2025-04-01 19:18:56,025 - root - INFO - Created subproblem instance for conflict { position 286 [46, 60] (122, 66) }
2025-04-01 19:18:56,078 - root - INFO - Optimal solver was successful
2025-04-01 19:18:56,148 - root - INFO - Retrying conflict { position 274 [7, 29] (77, 29) } for the 3 time
2025-04-01 19:18:56,148 - root - INFO - Created subproblem instance for conflict { position 274 [7, 29] (77, 29) }
2025-04-01 19:18:56,215 - root - INFO - Optimal solver was not successful the first time
2025-04-01 19:18:56,274 - root - INFO - Optimal solver was not successful the second time
2025-04-01 19:18:56,282 - root - INFO - Retrying conflict { position 280 [7, 30] (74, 29) } for the 3 time
2025-04-01 19:18:56,282 - root - INFO - Created subproblem instance for conflict { position 280 [7, 30] (74, 29) }
2025-04-01 19:18:56,333 - root - INFO - Optimal solver was not successful the first time
2025-04-01 19:18:56,388 - root - INFO - Optimal solver was not successful the second time
2025-04-01 19:18:56,389 - root - INFO - Created subproblem instance for conflict { position 292 [58, 79] (142, 22) }
2025-04-01 19:18:56,445 - root - INFO - Optimal solver was not successful the first time
2025-04-01 19:18:56,503 - root - INFO - Optimal solver was not successful the second time
2025-04-01 19:18:56,505 - root - INFO - Retrying conflict { position 292 [58, 79] (142, 22) } for the 1 time
2025-04-01 19:18:56,505 - root - INFO - Created subproblem instance for conflict { position 292 [58, 79] (142, 22) }
2025-04-01 19:18:56,560 - root - INFO - Optimal solver was successful
2025-04-01 19:18:56,627 - root - INFO - Retrying conflict { position 274 [7, 29] (77, 29) } for the 4 time
2025-04-01 19:18:56,627 - root - INFO - Created subproblem instance for conflict { position 274 [7, 29] (77, 29) }
2025-04-01 19:18:56,698 - root - INFO - Optimal solver was not successful the first time
2025-04-01 19:18:56,759 - root - INFO - Optimal solver was not successful the second time
2025-04-01 19:18:56,759 - root - INFO - Retrying conflict { position 280 [7, 30] (74, 29) } for the 4 time
2025-04-01 19:18:56,759 - root - INFO - Created subproblem instance for conflict { position 280 [7, 30] (74, 29) }
2025-04-01 19:18:56,835 - root - INFO - Optimal solver was not successful the first time
2025-04-01 19:18:56,917 - root - INFO - Optimal solver was not successful the second time
2025-04-01 19:18:56,917 - root - INFO - Created subproblem instance for conflict { position 320 [45, 51] (64, 57) }
2025-04-01 19:18:56,975 - root - INFO - Optimal solver was not successful the first time
2025-04-01 19:18:57,024 - root - INFO - Optimal solver was not successful the second time
2025-04-01 19:18:57,024 - root - INFO - Retrying conflict { position 320 [45, 51] (64, 57) } for the 1 time
2025-04-01 19:18:57,024 - root - INFO - Created subproblem instance for conflict { position 320 [45, 51] (64, 57) }
2025-04-01 19:18:57,082 - root - INFO - Optimal solver was successful
2025-04-01 19:18:57,147 - root - INFO - Retrying conflict { position 274 [7, 29] (77, 29) } for the 5 time
2025-04-01 19:18:57,147 - root - INFO - Created subproblem instance for conflict { position 274 [7, 29] (77, 29) }
2025-04-01 19:18:57,229 - root - INFO - Optimal solver was successful
2025-04-01 19:18:57,306 - root - INFO - Created subproblem instance for conflict { position 330 [6, 95] (146, 48) }
2025-04-01 19:18:57,367 - root - INFO - Optimal solver was not successful the first time
2025-04-01 19:18:57,427 - root - INFO - Optimal solver was not successful the second time
2025-04-01 19:18:57,427 - root - INFO - Retrying conflict { position 330 [6, 95] (146, 48) } for the 1 time
2025-04-01 19:18:57,427 - root - INFO - Created subproblem instance for conflict { position 330 [6, 95] (146, 48) }
2025-04-01 19:18:57,489 - root - INFO - Optimal solver was successful
2025-04-01 19:18:57,563 - root - INFO - Created subproblem instance for conflict { position 352 [44, 92] (22, 43) }
2025-04-01 19:18:57,643 - root - INFO - Optimal solver was not successful the first time
2025-04-01 19:18:57,706 - root - INFO - Optimal solver was not successful the second time
2025-04-01 19:18:57,706 - root - INFO - Retrying conflict { position 352 [44, 92] (22, 43) } for the 1 time
2025-04-01 19:18:57,706 - root - INFO - Created subproblem instance for conflict { position 352 [44, 92] (22, 43) }
2025-04-01 19:18:57,758 - root - INFO - Optimal solver was successful
2025-04-01 19:18:57,840 - root - INFO - Created subproblem instance for conflict { position 354 [16, 49] (22, 40) }
2025-04-01 19:18:57,917 - root - INFO - Optimal solver was not successful the first time
2025-04-01 19:18:57,977 - root - INFO - Optimal solver was not successful the second time
2025-04-01 19:18:57,977 - root - INFO - Retrying conflict { position 354 [16, 49] (22, 40) } for the 1 time
2025-04-01 19:18:57,977 - root - INFO - Created subproblem instance for conflict { position 354 [16, 49] (22, 40) }
2025-04-01 19:18:58,040 - root - INFO - Optimal solver was successful
2025-04-01 19:18:58,118 - root - INFO - Created subproblem instance for conflict { position 362 [5, 50] (117, 78) }
2025-04-01 19:18:58,180 - root - INFO - Optimal solver was not successful the first time
2025-04-01 19:18:58,233 - root - INFO - Optimal solver was not successful the second time
2025-04-01 19:18:58,239 - root - INFO - Retrying conflict { position 362 [5, 50] (117, 78) } for the 1 time
2025-04-01 19:18:58,240 - root - INFO - Created subproblem instance for conflict { position 362 [5, 50] (117, 78) }
2025-04-01 19:18:58,292 - root - INFO - Optimal solver was not successful the first time
2025-04-01 19:18:58,356 - root - INFO - Optimal solver was not successful the second time
2025-04-01 19:18:58,357 - root - INFO - Created subproblem instance for conflict { position 366 [5, 62] (119, 78) }
2025-04-01 19:18:58,410 - root - INFO - Optimal solver was not successful the first time
2025-04-01 19:18:58,463 - root - INFO - Optimal solver was not successful the second time
2025-04-01 19:18:58,463 - root - INFO - Retrying conflict { position 366 [5, 62] (119, 78) } for the 1 time
2025-04-01 19:18:58,463 - root - INFO - Created subproblem instance for conflict { position 366 [5, 62] (119, 78) }
2025-04-01 19:18:58,523 - root - INFO - Optimal solver was not successful the first time
2025-04-01 19:18:58,578 - root - INFO - Optimal solver was not successful the second time
2025-04-01 19:18:58,578 - root - INFO - Created subproblem instance for conflict { position 368 [6, 68] (146, 66) }
2025-04-01 19:18:58,639 - root - INFO - Optimal solver was not successful the first time
2025-04-01 19:18:58,695 - root - INFO - Optimal solver was not successful the second time
2025-04-01 19:18:58,695 - root - INFO - Retrying conflict { position 368 [6, 68] (146, 66) } for the 1 time
2025-04-01 19:18:58,695 - root - INFO - Created subproblem instance for conflict { position 368 [6, 68] (146, 66) }
2025-04-01 19:18:58,756 - root - INFO - Optimal solver was successful
2025-04-01 19:18:58,835 - root - INFO - Retrying conflict { position 362 [5, 50] (117, 78) } for the 2 time
2025-04-01 19:18:58,835 - root - INFO - Created subproblem instance for conflict { position 362 [5, 50] (117, 78) }
2025-04-01 19:18:58,906 - root - INFO - Optimal solver was successful
2025-04-01 19:18:58,990 - root - INFO - Created subproblem instance for conflict { position 368 [10, 49] (19, 42) }
2025-04-01 19:18:59,055 - root - INFO - Optimal solver was not successful the first time
2025-04-01 19:18:59,113 - root - INFO - Optimal solver was not successful the second time
2025-04-01 19:18:59,113 - root - INFO - Retrying conflict { position 368 [10, 49] (19, 42) } for the 1 time
2025-04-01 19:18:59,113 - root - INFO - Created subproblem instance for conflict { position 368 [10, 49] (19, 42) }
2025-04-01 19:18:59,171 - root - INFO - Optimal solver was successful
2025-04-01 19:18:59,249 - root - INFO - Created subproblem instance for conflict { position 386 [0, 95] (146, 48) }
2025-04-01 19:18:59,312 - root - INFO - Optimal solver was not successful the first time
2025-04-01 19:18:59,372 - root - INFO - Optimal solver was not successful the second time
2025-04-01 19:18:59,372 - root - INFO - Retrying conflict { position 386 [0, 95] (146, 48) } for the 1 time
2025-04-01 19:18:59,373 - root - INFO - Created subproblem instance for conflict { position 386 [0, 95] (146, 48) }
2025-04-01 19:18:59,429 - root - INFO - Optimal solver was successful
2025-04-01 19:18:59,506 - root - INFO - Created subproblem instance for conflict { position 388 [2, 92] (13, 35) }
2025-04-01 19:18:59,565 - root - INFO - Optimal solver was not successful the first time
2025-04-01 19:18:59,631 - root - INFO - Optimal solver was not successful the second time
2025-04-01 19:18:59,631 - root - INFO - Retrying conflict { position 388 [2, 92] (13, 35) } for the 1 time
2025-04-01 19:18:59,631 - root - INFO - Created subproblem instance for conflict { position 388 [2, 92] (13, 35) }
2025-04-01 19:18:59,697 - root - INFO - Optimal solver was successful
2025-04-01 19:18:59,778 - root - INFO - Created subproblem instance for conflict { position 402 [0, 40] (149, 52) }
2025-04-01 19:18:59,840 - root - INFO - Optimal solver was not successful the first time
2025-04-01 19:18:59,896 - root - INFO - Optimal solver was not successful the second time
2025-04-01 19:18:59,896 - root - INFO - Retrying conflict { position 402 [0, 40] (149, 52) } for the 1 time
2025-04-01 19:18:59,896 - root - INFO - Created subproblem instance for conflict { position 402 [0, 40] (149, 52) }
2025-04-01 19:18:59,956 - root - INFO - Optimal solver was successful
2025-04-01 19:19:00,041 - root - INFO - Created subproblem instance for conflict { position 432 [7, 52] (19, 17) }
2025-04-01 19:19:00,133 - root - INFO - Optimal solver was not successful the first time
2025-04-01 19:19:00,196 - root - INFO - Optimal solver was not successful the second time
2025-04-01 19:19:00,196 - root - INFO - Retrying conflict { position 432 [7, 52] (19, 17) } for the 1 time
2025-04-01 19:19:00,196 - root - INFO - Created subproblem instance for conflict { position 432 [7, 52] (19, 17) }
2025-04-01 19:19:00,254 - root - INFO - Optimal solver was successful
2025-04-01 19:19:00,340 - root - INFO - Created subproblem instance for conflict { position 462 [0, 98] (164, 66) }
2025-04-01 19:19:00,402 - root - INFO - Optimal solver was successful
2025-04-01 19:19:00,482 - __main__ - INFO - Fixing conflicts took 26.56390690803528 seconds
2025-04-01 19:19:00,482 - __main__ - INFO - Total combined solver runtime is 27.16994833946228 seconds
2025-04-01 19:19:00,482 - __main__ - INFO - Number of conflicts at termination: 0
2025-04-01 19:19:00,482 - __main__ - INFO - Number of unsolveable conflicts at termination: 0
2025-04-01 19:19:00,482 - __main__ - INFO - Maximum agent path legnth after optimal solver: 631
2025-04-01 19:19:00,486 - __main__ - INFO - Number of position conflicts post solver: 0
2025-04-01 19:19:00,486 - __main__ - INFO - Number of edge conflicts post solver: 0
2025-04-01 19:19:00,486 - __main__ - INFO - Number of path conflicts post solver: 0
2025-04-01 19:19:00,488 - __main__ - INFO - Number of 'unsolveable' position conflicts post solver: 0
2025-04-01 19:19:00,488 - __main__ - INFO - Number of 'unsolveable' edge conflicts post solver: 0
2025-04-01 19:19:00,488 - __main__ - INFO - Number of 'unsolveable' path conflicts post solver: 0
